<?xml version="1.0" encoding="UTF-8"?>
<!-- Generated by org.testng.reporters.JUnitXMLReporter -->
<testsuite hostname="DESKTOP-2P87BAU" ignored="0" name="AndroidTests_ApiDemos" tests="3" failures="0" timestamp="2021-04-28T13:50:06 IST" time="84.817" errors="0">
  <testcase name="WifiSettingsTest" time="28.778" classname="MobileAutomation.AppiumFramework.ApiDemosTC"/>
  <testcase name="WifiSettingsTest" time="26.58" classname="MobileAutomation.AppiumFramework.ApiDemosTC"/>
  <testcase name="WifiSettingsTest" time="26.424" classname="MobileAutomation.AppiumFramework.ApiDemosTC"/>
</testsuite> <!-- AndroidTests_ApiDemos -->
