<?xml version="1.0" encoding="UTF-8"?>
<testsuite xmlns:xsi="http://www.w3.org/2001/XMLSchema-instance" xsi:noNamespaceSchemaLocation="https://maven.apache.org/surefire/maven-surefire-plugin/xsd/surefire-test-report-3.0.xsd" version="3.0" name="TestSuite" time="135.88" tests="4" errors="0" skipped="0" failures="0">
  <properties>
[...]
</properties>
  <testcase name="VerifyCartTotal" classname="MobileAutomation.AppiumFramework.Ecommerce_TC" time="49.431">
    <system-out><![CDATA[&amp#27;[35m[Appium]&amp#27;[39m Welcome to Appium v1.20.2
&amp#27;[35m[Appium]&amp#27;[39m Appium REST http interface listener started on 0.0.0.0:4723
&amp#27;[35m[HTTP]&amp#27;[39m &amp#27;[37m-->&amp#27;[39m &amp#27;[37mGET&amp#27;[39m &amp#27;[37m/wd/hub/status&amp#27;[39m
&amp#27;[35m[HTTP]&amp#27;[39m &amp#27;[90m{}&amp#27;[39m
[debug] &amp#27;[35m[GENERIC]&amp#27;[39m Calling AppiumDriver.getStatus() with args: []
[debug] &amp#27;[35m[GENERIC]&amp#27;[39m Responding to client with driver.getStatus() result: {"build":{"version":"1.20.2"}}
&amp#27;[35m[HTTP]&amp#27;[39m &amp#27;[37m<-- GET /wd/hub/status &amp#27;[39m&amp#27;[32m200&amp#27;[39m &amp#27;[90m20 ms - 68&amp#27;[39m
&amp#27;[35m[HTTP]&amp#27;[39m &amp#27;[90m&amp#27;[39m
[debug] &amp#27;[35m[HTTP]&amp#27;[39m Request idempotency key: fe570b96-056e-4cca-bcbf-1f559c20dc34
&amp#27;[35m[HTTP]&amp#27;[39m &amp#27;[37m-->&amp#27;[39m &amp#27;[37mPOST&amp#27;[39m &amp#27;[37m/wd/hub/session&amp#27;[39m
&amp#27;[35m[HTTP]&amp#27;[39m &amp#27;[90m{"desiredCapabilities":{"app":"C:\\Users\\ANKIT\\eclipse-workspace\\AppiumFramework\\src\\General-Store.apk","automationName":"uiautomator2","platformName":"Android","deviceName":"Android Device"},"capabilities":{"firstMatch":[{"appium:app":"C:\\Users\\ANKIT\\eclipse-workspace\\AppiumFramework\\src\\General-Store.apk","appium:automationName":"uiautomator2","appium:deviceName":"Android Device","platformName":"android"}]}}&amp#27;[39m
[debug] &amp#27;[35m[W3C]&amp#27;[39m Calling AppiumDriver.createSession() with args: [{"app":"C:\\Users\\ANKIT\\eclipse-workspace\\AppiumFramework\\src\\General-Store.apk","automationName":"uiautomator2","platformName":"Android","deviceName":"Android Device"},null,{"firstMatch":[{"appium:app":"C:\\Users\\ANKIT\\eclipse-workspace\\AppiumFramework\\src\\General-Store.apk","appium:automationName":"uiautomator2","appium:deviceName":"Android Device","platformName":"android"}]}]
[debug] &amp#27;[35m[BaseDriver]&amp#27;[39m Event 'newSessionRequested' logged at 1619597878905 (13:47:58 GMT+0530 (India Standard Time))
&amp#27;[35m[Appium]&amp#27;[39m Appium v1.20.2 creating new AndroidUiautomator2Driver (v1.61.2) session
[debug] &amp#27;[35m[BaseDriver]&amp#27;[39m W3C capabilities and MJSONWP desired capabilities were provided
[debug] &amp#27;[35m[BaseDriver]&amp#27;[39m Creating session with W3C capabilities: {
[debug] &amp#27;[35m[BaseDriver]&amp#27;[39m   "alwaysMatch": {
[debug] &amp#27;[35m[BaseDriver]&amp#27;[39m     "platformName": "android",
[debug] &amp#27;[35m[BaseDriver]&amp#27;[39m     "appium:app": "C:\\Users\\ANKIT\\eclipse-workspace\\AppiumFramework\\src\\General-Store.apk",
[debug] &amp#27;[35m[BaseDriver]&amp#27;[39m     "appium:automationName": "uiautomator2",
[debug] &amp#27;[35m[BaseDriver]&amp#27;[39m     "appium:deviceName": "Android Device"
[debug] &amp#27;[35m[BaseDriver]&amp#27;[39m   },
[debug] &amp#27;[35m[BaseDriver]&amp#27;[39m   "firstMatch": [
[debug] &amp#27;[35m[BaseDriver]&amp#27;[39m     {}
[debug] &amp#27;[35m[BaseDriver]&amp#27;[39m   ]
[debug] &amp#27;[35m[BaseDriver]&amp#27;[39m }
&amp#27;[35m[BaseDriver]&amp#27;[39m Session created with session id: 644c8b8f-f4d4-44af-83fa-05315fb4c337
&amp#27;[35m[BaseDriver]&amp#27;[39m Using local app 'C:\Users\ANKIT\eclipse-workspace\AppiumFramework\src\General-Store.apk'
[debug] &amp#27;[35m[UiAutomator2]&amp#27;[39m Checking whether app is actually present
&amp#27;[35m[ADB]&amp#27;[39m Found 4 'build-tools' folders under 'C:\Users\ANKIT\AppData\Local\Android\Sdk' (newest first):
&amp#27;[35m[ADB]&amp#27;[39m     C:/Users/ANKIT/AppData/Local/Android/Sdk/build-tools/29.0.2
&amp#27;[35m[ADB]&amp#27;[39m     C:/Users/ANKIT/AppData/Local/Android/Sdk/build-tools/27.0.3
&amp#27;[35m[ADB]&amp#27;[39m     C:/Users/ANKIT/AppData/Local/Android/Sdk/build-tools/26.0.2
&amp#27;[35m[ADB]&amp#27;[39m     C:/Users/ANKIT/AppData/Local/Android/Sdk/build-tools/23.0.2
&amp#27;[35m[ADB]&amp#27;[39m Using 'adb.exe' from 'C:\Users\ANKIT\AppData\Local\Android\Sdk\platform-tools\adb.exe'
[debug] &amp#27;[35m[ADB]&amp#27;[39m Running 'C:\Users\ANKIT\AppData\Local\Android\Sdk\platform-tools\adb.exe -P 5037 start-server'
&amp#27;[35m[AndroidDriver]&amp#27;[39m Retrieving device list
[debug] &amp#27;[35m[ADB]&amp#27;[39m Trying to find a connected android device
[debug] &amp#27;[35m[ADB]&amp#27;[39m Getting connected devices
[debug] &amp#27;[35m[ADB]&amp#27;[39m Connected devices: [{"udid":"0ac1d17f","state":"device"}]
&amp#27;[35m[AndroidDriver]&amp#27;[39m Using device: 0ac1d17f
&amp#27;[35m[ADB]&amp#27;[39m Using 'adb.exe' from 'C:\Users\ANKIT\AppData\Local\Android\Sdk\platform-tools\adb.exe'
[debug] &amp#27;[35m[ADB]&amp#27;[39m Running 'C:\Users\ANKIT\AppData\Local\Android\Sdk\platform-tools\adb.exe -P 5037 start-server'
[debug] &amp#27;[35m[ADB]&amp#27;[39m Setting device id to 0ac1d17f
[debug] &amp#27;[35m[ADB]&amp#27;[39m Running 'C:\Users\ANKIT\AppData\Local\Android\Sdk\platform-tools\adb.exe -P 5037 -s 0ac1d17f shell getprop ro.build.version.sdk'
[debug] &amp#27;[35m[ADB]&amp#27;[39m Current device property 'ro.build.version.sdk': 30
&amp#27;[35m[ADB]&amp#27;[39m Getting device platform version
[debug] &amp#27;[35m[ADB]&amp#27;[39m Running 'C:\Users\ANKIT\AppData\Local\Android\Sdk\platform-tools\adb.exe -P 5037 -s 0ac1d17f shell getprop ro.build.version.release'
[debug] &amp#27;[35m[ADB]&amp#27;[39m Current device property 'ro.build.version.release': 11
[debug] &amp#27;[35m[ADB]&amp#27;[39m Device API level: 30
&amp#27;[35m[UiAutomator2]&amp#27;[39m Relaxing hidden api policy
[debug] &amp#27;[35m[ADB]&amp#27;[39m Running 'C:\Users\ANKIT\AppData\Local\Android\Sdk\platform-tools\adb.exe -P 5037 -s 0ac1d17f shell 'settings put global hidden_api_policy_pre_p_apps 1;settings put global hidden_api_policy_p_apps 1;settings put global hidden_api_policy 1''
[debug] &amp#27;[35m[AndroidDriver]&amp#27;[39m Parsing package and activity from app manifest
&amp#27;[35m[ADB]&amp#27;[39m Package name: 'com.androidsample.generalstore'
&amp#27;[35m[ADB]&amp#27;[39m Main activity name: 'com.androidsample.generalstore.SplashActivity'
[debug] &amp#27;[35m[AndroidDriver]&amp#27;[39m Parsed package and activity are: com.androidsample.generalstore/com.androidsample.generalstore.SplashActivity
[debug] &amp#27;[35m[ADB]&amp#27;[39m Running 'C:\Users\ANKIT\AppData\Local\Android\Sdk\platform-tools\adb.exe -P 5037 -s 0ac1d17f wait-for-device'
[debug] &amp#27;[35m[ADB]&amp#27;[39m Running 'C:\Users\ANKIT\AppData\Local\Android\Sdk\platform-tools\adb.exe -P 5037 -s 0ac1d17f shell echo ping'
[debug] &amp#27;[35m[AndroidDriver]&amp#27;[39m Pushing settings apk to device...
[debug] &amp#27;[35m[ADB]&amp#27;[39m Getting install status for io.appium.settings
[debug] &amp#27;[35m[ADB]&amp#27;[39m Running 'C:\Users\ANKIT\AppData\Local\Android\Sdk\platform-tools\adb.exe -P 5037 -s 0ac1d17f shell dumpsys package io.appium.settings'
[debug] &amp#27;[35m[ADB]&amp#27;[39m 'io.appium.settings' is installed
[debug] &amp#27;[35m[ADB]&amp#27;[39m Getting package info for 'io.appium.settings'
[debug] &amp#27;[35m[ADB]&amp#27;[39m Running 'C:\Users\ANKIT\AppData\Local\Android\Sdk\platform-tools\adb.exe -P 5037 -s 0ac1d17f shell dumpsys package io.appium.settings'
[debug] &amp#27;[35m[ADB]&amp#27;[39m The version name of the installed 'io.appium.settings' is greater or equal to the application version name ('3.2.1' >= '3.2.1')
[debug] &amp#27;[35m[ADB]&amp#27;[39m There is no need to install/upgrade 'C:\Users\ANKIT\AppData\Roaming\npm\node_modules\appium\node_modules\io.appium.settings\apks\settings_apk-debug.apk'
[debug] &amp#27;[35m[ADB]&amp#27;[39m Getting IDs of all 'io.appium.settings' processes
[debug] &amp#27;[35m[ADB]&amp#27;[39m Running 'C:\Users\ANKIT\AppData\Local\Android\Sdk\platform-tools\adb.exe -P 5037 -s 0ac1d17f shell 'pgrep --help; echo $?''
[debug] &amp#27;[35m[ADB]&amp#27;[39m Running 'C:\Users\ANKIT\AppData\Local\Android\Sdk\platform-tools\adb.exe -P 5037 -s 0ac1d17f shell pgrep -f \(\[\[:blank:\]\]\|\^\)io\.appium\.settings\(\[\[:blank:\]\]\|\$\)'
[debug] &amp#27;[35m[AndroidDriver]&amp#27;[39m io.appium.settings is already running. There is no need to reset its permissions.
[debug] &amp#27;[35m[ADB]&amp#27;[39m Running 'C:\Users\ANKIT\AppData\Local\Android\Sdk\platform-tools\adb.exe -P 5037 -s 0ac1d17f shell appops set io.appium.settings android:mock_location allow'
[debug] &amp#27;[35m[Logcat]&amp#27;[39m Starting logs capture with command: C:\\Users\\ANKIT\\AppData\\Local\\Android\\Sdk\\platform-tools\\adb.exe -P 5037 -s 0ac1d17f logcat -v threadtime
[debug] &amp#27;[35m[UiAutomator2]&amp#27;[39m Forwarding UiAutomator2 Server port 6790 to local port 8200
[debug] &amp#27;[35m[ADB]&amp#27;[39m Forwarding system: 8200 to device: 6790
[debug] &amp#27;[35m[ADB]&amp#27;[39m Running 'C:\Users\ANKIT\AppData\Local\Android\Sdk\platform-tools\adb.exe -P 5037 -s 0ac1d17f forward tcp:8200 tcp:6790'
[debug] &amp#27;[35m[ADB]&amp#27;[39m Getting install status for io.appium.uiautomator2.server
[debug] &amp#27;[35m[ADB]&amp#27;[39m Running 'C:\Users\ANKIT\AppData\Local\Android\Sdk\platform-tools\adb.exe -P 5037 -s 0ac1d17f shell dumpsys package io.appium.uiautomator2.server'
[debug] &amp#27;[35m[ADB]&amp#27;[39m 'io.appium.uiautomator2.server' is installed
[debug] &amp#27;[35m[ADB]&amp#27;[39m Getting package info for 'io.appium.uiautomator2.server'
[debug] &amp#27;[35m[ADB]&amp#27;[39m Running 'C:\Users\ANKIT\AppData\Local\Android\Sdk\platform-tools\adb.exe -P 5037 -s 0ac1d17f shell dumpsys package io.appium.uiautomator2.server'
[debug] &amp#27;[35m[ADB]&amp#27;[39m The version name of the installed 'io.appium.uiautomator2.server' is greater or equal to the application version name ('4.17.4' >= '4.17.4')
[debug] &amp#27;[35m[UiAutomator2]&amp#27;[39m io.appium.uiautomator2.server installation state: sameVersionInstalled
[debug] &amp#27;[35m[ADB]&amp#27;[39m Checking app cert for C:\Users\ANKIT\AppData\Roaming\npm\node_modules\appium\node_modules\appium-uiautomator2-server\apks\appium-uiautomator2-server-v4.17.4.apk
&amp#27;[35m[ADB]&amp#27;[39m Using 'apksigner.jar' from 'C:\Users\ANKIT\AppData\Local\Android\Sdk\build-tools\29.0.2\lib\apksigner.jar'
[debug] &amp#27;[35m[ADB]&amp#27;[39m Starting apksigner: 'C:\\Program Files\\Java\\jdk1.8.0_161\\bin\\java.exe' -Xmx1024M -Xss1m -jar C:\\Users\\ANKIT\\AppData\\Local\\Android\\Sdk\\build-tools\\29.0.2\\lib\\apksigner.jar verify --print-certs C:\\Users\\ANKIT\\AppData\\Roaming\\npm\\node_modules\\appium\\node_modules\\appium-uiautomator2-server\\apks\\appium-uiautomator2-server-v4.17.4.apk
[debug] &amp#27;[35m[ADB]&amp#27;[39m apksigner stdout: Signer #1 certificate DN: EMAILADDRESS=android@android.com, CN=Android, OU=Android, O=Android, L=Mountain View, ST=California, C=US
[debug] &amp#27;[35m[ADB]&amp#27;[39m Signer #1 certificate SHA-256 digest: a40da80a59d170caa950cf15c18c454d47a39b26989d8b640ecd745ba71bf5dc
[debug] &amp#27;[35m[ADB]&amp#27;[39m Signer #1 certificate SHA-1 digest: 61ed377e85d386a8dfee6b864bd85b0bfaa5af81
[debug] &amp#27;[35m[ADB]&amp#27;[39m Signer #1 certificate MD5 digest: e89b158e4bcf988ebd09eb83f5378e87
[debug] &amp#27;[35m[ADB]&amp#27;[39m 
[debug] &amp#27;[35m[ADB]&amp#27;[39m sha256 hash did match for 'appium-uiautomator2-server-v4.17.4.apk'
&amp#27;[35m[ADB]&amp#27;[39m 'C:\Users\ANKIT\AppData\Roaming\npm\node_modules\appium\node_modules\appium-uiautomator2-server\apks\appium-uiautomator2-server-v4.17.4.apk' is signed with the default certificate
[debug] &amp#27;[35m[ADB]&amp#27;[39m Getting install status for io.appium.uiautomator2.server.test
[debug] &amp#27;[35m[ADB]&amp#27;[39m Running 'C:\Users\ANKIT\AppData\Local\Android\Sdk\platform-tools\adb.exe -P 5037 -s 0ac1d17f shell dumpsys package io.appium.uiautomator2.server.test'
[debug] &amp#27;[35m[ADB]&amp#27;[39m 'io.appium.uiautomator2.server.test' is installed
[debug] &amp#27;[35m[ADB]&amp#27;[39m Checking app cert for C:\Users\ANKIT\AppData\Roaming\npm\node_modules\appium\node_modules\appium-uiautomator2-server\apks\appium-uiautomator2-server-debug-androidTest.apk
[debug] &amp#27;[35m[ADB]&amp#27;[39m Starting apksigner: 'C:\\Program Files\\Java\\jdk1.8.0_161\\bin\\java.exe' -Xmx1024M -Xss1m -jar C:\\Users\\ANKIT\\AppData\\Local\\Android\\Sdk\\build-tools\\29.0.2\\lib\\apksigner.jar verify --print-certs C:\\Users\\ANKIT\\AppData\\Roaming\\npm\\node_modules\\appium\\node_modules\\appium-uiautomator2-server\\apks\\appium-uiautomator2-server-debug-androidTest.apk
[debug] &amp#27;[35m[ADB]&amp#27;[39m apksigner stdout: Signer #1 certificate DN: EMAILADDRESS=android@android.com, CN=Android, OU=Android, O=Android, L=Mountain View, ST=California, C=US
[debug] &amp#27;[35m[ADB]&amp#27;[39m Signer #1 certificate SHA-256 digest: a40da80a59d170caa950cf15c18c454d47a39b26989d8b640ecd745ba71bf5dc
[debug] &amp#27;[35m[ADB]&amp#27;[39m Signer #1 certificate SHA-1 digest: 61ed377e85d386a8dfee6b864bd85b0bfaa5af81
[debug] &amp#27;[35m[ADB]&amp#27;[39m Signer #1 certificate MD5 digest: e89b158e4bcf988ebd09eb83f5378e87
[debug] &amp#27;[35m[ADB]&amp#27;[39m 
[debug] &amp#27;[35m[ADB]&amp#27;[39m sha256 hash did match for 'appium-uiautomator2-server-debug-androidTest.apk'
&amp#27;[35m[ADB]&amp#27;[39m 'C:\Users\ANKIT\AppData\Roaming\npm\node_modules\appium\node_modules\appium-uiautomator2-server\apks\appium-uiautomator2-server-debug-androidTest.apk' is signed with the default certificate
&amp#27;[35m[UiAutomator2]&amp#27;[39m Server packages are not going to be (re)installed
[debug] &amp#27;[35m[UiAutomator2]&amp#27;[39m Waiting up to 30000ms for services to be available
[debug] &amp#27;[35m[ADB]&amp#27;[39m Running 'C:\Users\ANKIT\AppData\Local\Android\Sdk\platform-tools\adb.exe -P 5037 -s 0ac1d17f shell pm list instrumentation'
[debug] &amp#27;[35m[UiAutomator2]&amp#27;[39m Instrumentation target 'io.appium.uiautomator2.server.test/androidx.test.runner.AndroidJUnitRunner' is available
&amp#27;[35m[ADB]&amp#27;[39m Adding packages ["io.appium.settings","io.appium.uiautomator2.server","io.appium.uiautomator2.server.test"] to Doze whitelist
[debug] &amp#27;[35m[ADB]&amp#27;[39m Got the following command chunks to execute: [["dumpsys","deviceidle","whitelist","+io.appium.settings",";","dumpsys","deviceidle","whitelist","+io.appium.uiautomator2.server",";","dumpsys","deviceidle","whitelist","+io.appium.uiautomator2.server.test",";"]]
[debug] &amp#27;[35m[ADB]&amp#27;[39m Running 'C:\Users\ANKIT\AppData\Local\Android\Sdk\platform-tools\adb.exe -P 5037 -s 0ac1d17f shell dumpsys deviceidle whitelist +io.appium.settings ; dumpsys deviceidle whitelist +io.appium.uiautomator2.server ; dumpsys deviceidle whitelist +io.appium.uiautomator2.server.test ;'
[debug] &amp#27;[35m[ADB]&amp#27;[39m Checking app cert for C:\Users\ANKIT\eclipse-workspace\AppiumFramework\src\General-Store.apk
[debug] &amp#27;[35m[ADB]&amp#27;[39m Starting apksigner: 'C:\\Program Files\\Java\\jdk1.8.0_161\\bin\\java.exe' -Xmx1024M -Xss1m -jar C:\\Users\\ANKIT\\AppData\\Local\\Android\\Sdk\\build-tools\\29.0.2\\lib\\apksigner.jar verify --print-certs C:\\Users\\ANKIT\\eclipse-workspace\\AppiumFramework\\src\\General-Store.apk
[debug] &amp#27;[35m[ADB]&amp#27;[39m apksigner stdout: Signer #1 certificate DN: EMAILADDRESS=android@android.com, CN=Android, OU=Android, O=Android, L=Mountain View, ST=California, C=US
[debug] &amp#27;[35m[ADB]&amp#27;[39m Signer #1 certificate SHA-256 digest: a40da80a59d170caa950cf15c18c454d47a39b26989d8b640ecd745ba71bf5dc
[debug] &amp#27;[35m[ADB]&amp#27;[39m Signer #1 certificate SHA-1 digest: 61ed377e85d386a8dfee6b864bd85b0bfaa5af81
[debug] &amp#27;[35m[ADB]&amp#27;[39m Signer #1 certificate MD5 digest: e89b158e4bcf988ebd09eb83f5378e87
[debug] &amp#27;[35m[ADB]&amp#27;[39m 
[debug] &amp#27;[35m[ADB]&amp#27;[39m sha256 hash did match for 'General-Store.apk'
&amp#27;[35m[ADB]&amp#27;[39m 'C:\Users\ANKIT\eclipse-workspace\AppiumFramework\src\General-Store.apk' is signed with the default certificate
[debug] &amp#27;[35m[ADB]&amp#27;[39m Getting install status for com.androidsample.generalstore
[debug] &amp#27;[35m[ADB]&amp#27;[39m Running 'C:\Users\ANKIT\AppData\Local\Android\Sdk\platform-tools\adb.exe -P 5037 -s 0ac1d17f shell dumpsys package com.androidsample.generalstore'
[debug] &amp#27;[35m[ADB]&amp#27;[39m 'com.androidsample.generalstore' is installed
[debug] &amp#27;[35m[ADB]&amp#27;[39m Getting package info for 'com.androidsample.generalstore'
[debug] &amp#27;[35m[ADB]&amp#27;[39m Running 'C:\Users\ANKIT\AppData\Local\Android\Sdk\platform-tools\adb.exe -P 5037 -s 0ac1d17f shell dumpsys package com.androidsample.generalstore'
[debug] &amp#27;[35m[ADB]&amp#27;[39m The version name of the installed 'com.androidsample.generalstore' is greater or equal to the application version name ('1.0.0' >= '1.0.0')
[debug] &amp#27;[35m[ADB]&amp#27;[39m There is no need to install/upgrade 'C:\Users\ANKIT\eclipse-workspace\AppiumFramework\src\General-Store.apk'
&amp#27;[35m[AndroidDriver]&amp#27;[39m Performing fast reset on 'com.androidsample.generalstore'
[debug] &amp#27;[35m[ADB]&amp#27;[39m Getting install status for com.androidsample.generalstore
[debug] &amp#27;[35m[ADB]&amp#27;[39m Running 'C:\Users\ANKIT\AppData\Local\Android\Sdk\platform-tools\adb.exe -P 5037 -s 0ac1d17f shell dumpsys package com.androidsample.generalstore'
[debug] &amp#27;[35m[ADB]&amp#27;[39m 'com.androidsample.generalstore' is installed
[debug] &amp#27;[35m[ADB]&amp#27;[39m Running 'C:\Users\ANKIT\AppData\Local\Android\Sdk\platform-tools\adb.exe -P 5037 -s 0ac1d17f shell am force-stop com.androidsample.generalstore'
[debug] &amp#27;[35m[ADB]&amp#27;[39m Running 'C:\Users\ANKIT\AppData\Local\Android\Sdk\platform-tools\adb.exe -P 5037 -s 0ac1d17f shell pm clear com.androidsample.generalstore'
[debug] &amp#27;[35m[AndroidDriver]&amp#27;[39m Performed fast reset on the installed 'com.androidsample.generalstore' application (stop and clear)
[debug] &amp#27;[35m[UiAutomator2]&amp#27;[39m Performing shallow cleanup of automation leftovers
[debug] &amp#27;[35m[UiAutomator2]&amp#27;[39m The following obsolete sessions are still running: [null]
[debug] &amp#27;[35m[UiAutomator2]&amp#27;[39m Cleaning up the obsolete sessions
[debug] &amp#27;[35m[ADB]&amp#27;[39m Running 'C:\Users\ANKIT\AppData\Local\Android\Sdk\platform-tools\adb.exe -P 5037 -s 0ac1d17f shell am force-stop io.appium.uiautomator2.server.test'
&amp#27;[35m[UiAutomator2]&amp#27;[39m Starting UIAutomator2 server 4.17.4
&amp#27;[35m[UiAutomator2]&amp#27;[39m Using UIAutomator2 server from 'C:\Users\ANKIT\AppData\Roaming\npm\node_modules\appium\node_modules\appium-uiautomator2-server\apks\appium-uiautomator2-server-v4.17.4.apk' and test from 'C:\Users\ANKIT\AppData\Roaming\npm\node_modules\appium\node_modules\appium-uiautomator2-server\apks\appium-uiautomator2-server-debug-androidTest.apk'
&amp#27;[35m[UiAutomator2]&amp#27;[39m Waiting up to 30000ms for UiAutomator2 to be online...
[debug] &amp#27;[35m[ADB]&amp#27;[39m Creating ADB subprocess with args: ["-P",5037,"-s","0ac1d17f","shell","am","instrument","-w","io.appium.uiautomator2.server.test/androidx.test.runner.AndroidJUnitRunner"]
[debug] &amp#27;[35m[WD Proxy]&amp#27;[39m Matched '/status' to command name 'getStatus'
[debug] &amp#27;[35m[WD Proxy]&amp#27;[39m Proxying [GET /status] to [GET http://127.0.0.1:8200/wd/hub/status] with no body
&amp#27;[35m[WD Proxy]&amp#27;[39m Error: read ECONNRESET
&amp#27;[35m[WD Proxy]&amp#27;[39m     at TCP.onStreamRead (internal/stream_base_commons.js:209:20)
[debug] &amp#27;[35m[WD Proxy]&amp#27;[39m Matched '/status' to command name 'getStatus'
[debug] &amp#27;[35m[WD Proxy]&amp#27;[39m Proxying [GET /status] to [GET http://127.0.0.1:8200/wd/hub/status] with no body
&amp#27;[35m[WD Proxy]&amp#27;[39m Error: read ECONNRESET
&amp#27;[35m[WD Proxy]&amp#27;[39m     at TCP.onStreamRead (internal/stream_base_commons.js:209:20)
[debug] &amp#27;[35m[Instrumentation]&amp#27;[39m io.appium.uiautomator2.server.test.AppiumUiAutomator2Server:
[debug] &amp#27;[35m[WD Proxy]&amp#27;[39m Matched '/status' to command name 'getStatus'
[debug] &amp#27;[35m[WD Proxy]&amp#27;[39m Proxying [GET /status] to [GET http://127.0.0.1:8200/wd/hub/status] with no body
&amp#27;[35m[WD Proxy]&amp#27;[39m Error: read ECONNRESET
&amp#27;[35m[WD Proxy]&amp#27;[39m     at TCP.onStreamRead (internal/stream_base_commons.js:209:20)
[debug] &amp#27;[35m[WD Proxy]&amp#27;[39m Matched '/status' to command name 'getStatus'
[debug] &amp#27;[35m[WD Proxy]&amp#27;[39m Proxying [GET /status] to [GET http://127.0.0.1:8200/wd/hub/status] with no body
[debug] &amp#27;[35m[WD Proxy]&amp#27;[39m Got response with status 200: {"sessionId":"None","value":{"message":"UiAutomator2 Server is ready to accept commands","ready":true}}
[debug] &amp#27;[35m[UiAutomator2]&amp#27;[39m The initialization of the instrumentation process took 3152ms
[debug] &amp#27;[35m[WD Proxy]&amp#27;[39m Matched '/session' to command name 'createSession'
[debug] &amp#27;[35m[WD Proxy]&amp#27;[39m Proxying [POST /session] to [POST http://127.0.0.1:8200/wd/hub/session] with body: {"capabilities":{"firstMatch":[{"platform":"LINUX","webStorageEnabled":false,"takesScreenshot":true,"javascriptEnabled":true,"databaseEnabled":false,"networkConnectionEnabled":true,"locationContextEnabled":false,"warnings":{},"desired":{"platformName":"android","app":"C:\\Users\\ANKIT\\eclipse-workspace\\AppiumFramework\\src\\General-Store.apk","automationName":"uiautomator2","deviceName":"Android Device"},"platformName":"android","app":"C:\\Users\\ANKIT\\eclipse-workspace\\AppiumFramework\\src\\General-Store.apk","automationName":"uiautomator2","deviceName":"0ac1d17f","deviceUDID":"0ac1d17f","appPackage":"com.androidsample.generalstore"}],"alwaysMatch":{}}}
[debug] &amp#27;[35m[WD Proxy]&amp#27;[39m Got response with status 200: {"sessionId":"b99f2d84-67e3-4a57-a0c0-a9520c0547d2","value":{"capabilities":{"firstMatch":[{"platform":"LINUX","webStorageEnabled":false,"takesScreenshot":true,"javascriptEnabled":true,"databaseEnabled":false,"networkConnectionEnabled":true,"locationContextEnabled":false,"warnings":{},"desired":{"platformName":"android","app":"C:\\Users\\ANKIT\\eclipse-workspace\\AppiumFramework\\src\\General-Store.apk","automationName":"uiautomator2","deviceName":"Android Device"},"platformName":"android","app":"C:\\Users\\ANKIT\\eclipse-workspace\\AppiumFramework\\src\\General-Store.apk","automationName":"uiautomator2","deviceName":"0ac1d17f","deviceUDID":"0ac1d17f","appPackage":"com.androidsample.generalstore"}],"alwaysMatch":{}},"sessionId":"b99f2d84-67e3-4a57-a0c0-a9520c0547d2"}}
&amp#27;[35m[WD Proxy]&amp#27;[39m Determined the downstream protocol as 'W3C'
[debug] &amp#27;[35m[WD Proxy]&amp#27;[39m Proxying [GET /appium/device/info] to [GET http://127.0.0.1:8200/wd/hub/session/b99f2d84-67e3-4a57-a0c0-a9520c0547d2/appium/device/info] with no body
[debug] &amp#27;[35m[WD Proxy]&amp#27;[39m Got response with status 200: {"sessionId":"b99f2d84-67e3-4a57-a0c0-a9520c0547d2","value":{"androidId":"f268737f93d1eeb4","apiVersion":"30","bluetooth":{"state":"OFF"},"brand":"OnePlus","carrierName":"Jio 4G","displayDensity":450,"locale":"en_IN","manufacturer":"OnePlus","model":"HD1901","networks":[{"capabilities":{"SSID":null,"linkDownBandwidthKbps":14,"linkUpstreamBandwidthKbps":14,"networkCapabilities":"NET_CAPABILITY_IMS,NET_CAPABILITY_NOT_METERED,NET_CAPABILITY_TRUSTED,NET_CAPABILITY_NOT_VPN,NET_CAPABILITY_VALIDATED,NET_CAPABILITY_NOT_ROAMING,NET_CAPABILITY_FOREGROUND,NET_CAPABILITY_NOT_CONGESTED,NET_CAPABILITY_NOT_SUSPENDED","signalStrength":-2147483648,"transportTypes":"TRANSPORT_CELLULAR"},"detailedState":"CONNECTED","extraInfo":"ims","isAvailable":true,"isConnected":true,"isFailover":false,"isRoaming":false,"state":"CONNECTED","subtype":13,"subtypeName":"LTE","type":0,"typeName":"MOBILE"},{"capabilities":{"SSID":null,"linkDownBandwidthKbps":99000,"linkUpstreamBandwidthKbps":94050,"networkCapabilities":"NET_CAPABILITY_NOT_METE...
[debug] &amp#27;[35m[ADB]&amp#27;[39m Running 'C:\Users\ANKIT\AppData\Local\Android\Sdk\platform-tools\adb.exe -P 5037 -s 0ac1d17f shell dumpsys window'
&amp#27;[35m[AndroidDriver]&amp#27;[39m Screen already unlocked, doing nothing
&amp#27;[35m[UiAutomator2]&amp#27;[39m Starting 'com.androidsample.generalstore/com.androidsample.generalstore.SplashActivity and waiting for 'com.androidsample.generalstore/com.androidsample.generalstore.SplashActivity'
[debug] &amp#27;[35m[ADB]&amp#27;[39m Running 'C:\Users\ANKIT\AppData\Local\Android\Sdk\platform-tools\adb.exe -P 5037 -s 0ac1d17f shell am start -W -n com.androidsample.generalstore/com.androidsample.generalstore.SplashActivity -S -a android.intent.action.MAIN -c android.intent.category.LAUNCHER -f 0x10200000'
[debug] &amp#27;[35m[ADB]&amp#27;[39m Waiting up to 20000ms for activity matching pkg: 'com.androidsample.generalstore' and activity: 'com.androidsample.generalstore.SplashActivity' to be focused
[debug] &amp#27;[35m[ADB]&amp#27;[39m Possible activities, to be checked: 'com.androidsample.generalstore.SplashActivity', 'com.androidsample.generalstore.com.androidsample.generalstore.SplashActivity'
[debug] &amp#27;[35m[ADB]&amp#27;[39m Getting focused package and activity
[debug] &amp#27;[35m[ADB]&amp#27;[39m Running 'C:\Users\ANKIT\AppData\Local\Android\Sdk\platform-tools\adb.exe -P 5037 -s 0ac1d17f shell dumpsys window displays'
[debug] &amp#27;[35m[ADB]&amp#27;[39m Found package: 'com.androidsample.generalstore' and fully qualified activity name : 'com.androidsample.generalstore.SplashActivity'
[debug] &amp#27;[35m[WD Proxy]&amp#27;[39m Proxying [GET /appium/device/pixel_ratio] to [GET http://127.0.0.1:8200/wd/hub/session/b99f2d84-67e3-4a57-a0c0-a9520c0547d2/appium/device/pixel_ratio] with no body
[debug] &amp#27;[35m[WD Proxy]&amp#27;[39m Got response with status 200: {"sessionId":"b99f2d84-67e3-4a57-a0c0-a9520c0547d2","value":2.8125}
[debug] &amp#27;[35m[WD Proxy]&amp#27;[39m Matched '/appium/device/system_bars' to command name 'getSystemBars'
[debug] &amp#27;[35m[WD Proxy]&amp#27;[39m Proxying [GET /appium/device/system_bars] to [GET http://127.0.0.1:8200/wd/hub/session/b99f2d84-67e3-4a57-a0c0-a9520c0547d2/appium/device/system_bars] with no body
[debug] &amp#27;[35m[WD Proxy]&amp#27;[39m Got response with status 200: {"sessionId":"b99f2d84-67e3-4a57-a0c0-a9520c0547d2","value":{"statusBar":80}}
[debug] &amp#27;[35m[WD Proxy]&amp#27;[39m Matched '/window/current/size' to command name 'getWindowSize'
[debug] &amp#27;[35m[WD Proxy]&amp#27;[39m Proxying [GET /window/current/size] to [GET http://127.0.0.1:8200/wd/hub/session/b99f2d84-67e3-4a57-a0c0-a9520c0547d2/window/current/size] with no body
[debug] &amp#27;[35m[WD Proxy]&amp#27;[39m Got response with status 200: {"sessionId":"b99f2d84-67e3-4a57-a0c0-a9520c0547d2","value":{"height":2332,"width":1080}}
&amp#27;[35m[Appium]&amp#27;[39m New AndroidUiautomator2Driver session created successfully, session 644c8b8f-f4d4-44af-83fa-05315fb4c337 added to master session list
[debug] &amp#27;[35m[BaseDriver]&amp#27;[39m Event 'newSessionStarted' logged at 1619597901989 (13:48:21 GMT+0530 (India Standard Time))
[debug] &amp#27;[35m[W3C (644c8b8f)]&amp#27;[39m Cached the protocol value 'W3C' for the new session 644c8b8f-f4d4-44af-83fa-05315fb4c337
[debug] &amp#27;[35m[W3C (644c8b8f)]&amp#27;[39m Responding to client with driver.createSession() result: {"capabilities":{"platform":"LINUX","webStorageEnabled":false,"takesScreenshot":true,"javascriptEnabled":true,"databaseEnabled":false,"networkConnectionEnabled":true,"locationContextEnabled":false,"warnings":{},"desired":{"platformName":"android","app":"C:\\Users\\ANKIT\\eclipse-workspace\\AppiumFramework\\src\\General-Store.apk","automationName":"uiautomator2","deviceName":"Android Device"},"platformName":"android","app":"C:\\Users\\ANKIT\\eclipse-workspace\\AppiumFramework\\src\\General-Store.apk","automationName":"uiautomator2","deviceName":"0ac1d17f","deviceUDID":"0ac1d17f","appPackage":"com.androidsample.generalstore","deviceApiLevel":30,"platformVersion":"11","deviceScreenSize":"1080x2400","deviceScreenDensity":450,"deviceModel":"HD1901","deviceManufacturer":"OnePlus","pixelRatio":2.8125,"statBarHeight":80,"viewportRect":{"left":0,"top":80,"width":1080,"height":2252}}}
&amp#27;[35m[HTTP]&amp#27;[39m &amp#27;[37m<-- POST /wd/hub/session &amp#27;[39m&amp#27;[32m200&amp#27;[39m &amp#27;[90m23089 ms - 948&amp#27;[39m
&amp#27;[35m[HTTP]&amp#27;[39m &amp#27;[90m&amp#27;[39m
&amp#27;[35m[HTTP]&amp#27;[39m &amp#27;[37m-->&amp#27;[39m &amp#27;[37mPOST&amp#27;[39m &amp#27;[37m/wd/hub/session/644c8b8f-f4d4-44af-83fa-05315fb4c337/timeouts&amp#27;[39m
&amp#27;[35m[HTTP]&amp#27;[39m &amp#27;[90m{"implicit":20000}&amp#27;[39m
[debug] &amp#27;[35m[W3C (644c8b8f)]&amp#27;[39m Calling AppiumDriver.timeouts() with args: [null,null,null,null,20000,"644c8b8f-f4d4-44af-83fa-05315fb4c337"]
[debug] &amp#27;[35m[BaseDriver]&amp#27;[39m W3C timeout argument: {"implicit":20000}}
[debug] &amp#27;[35m[BaseDriver]&amp#27;[39m Set implicit wait to 20000ms
[debug] &amp#27;[35m[W3C (644c8b8f)]&amp#27;[39m Responding to client with driver.timeouts() result: null
&amp#27;[35m[HTTP]&amp#27;[39m &amp#27;[37m<-- POST /wd/hub/session/644c8b8f-f4d4-44af-83fa-05315fb4c337/timeouts &amp#27;[39m&amp#27;[32m200&amp#27;[39m &amp#27;[90m9 ms - 14&amp#27;[39m
&amp#27;[35m[HTTP]&amp#27;[39m &amp#27;[90m&amp#27;[39m
&amp#27;[35m[HTTP]&amp#27;[39m &amp#27;[37m-->&amp#27;[39m &amp#27;[37mGET&amp#27;[39m &amp#27;[37m/wd/hub/session/644c8b8f-f4d4-44af-83fa-05315fb4c337/context&amp#27;[39m
&amp#27;[35m[HTTP]&amp#27;[39m &amp#27;[90m{}&amp#27;[39m
[debug] &amp#27;[35m[W3C (644c8b8f)]&amp#27;[39m Calling AppiumDriver.getCurrentContext() with args: ["644c8b8f-f4d4-44af-83fa-05315fb4c337"]
[debug] &amp#27;[35m[W3C (644c8b8f)]&amp#27;[39m Responding to client with driver.getCurrentContext() result: "NATIVE_APP"
&amp#27;[35m[HTTP]&amp#27;[39m &amp#27;[37m<-- GET /wd/hub/session/644c8b8f-f4d4-44af-83fa-05315fb4c337/context &amp#27;[39m&amp#27;[32m200&amp#27;[39m &amp#27;[90m14 ms - 22&amp#27;[39m
&amp#27;[35m[HTTP]&amp#27;[39m &amp#27;[90m&amp#27;[39m
&amp#27;[35m[HTTP]&amp#27;[39m &amp#27;[37m-->&amp#27;[39m &amp#27;[37mPOST&amp#27;[39m &amp#27;[37m/wd/hub/session/644c8b8f-f4d4-44af-83fa-05315fb4c337/element&amp#27;[39m
&amp#27;[35m[HTTP]&amp#27;[39m &amp#27;[90m{"using":"id","value":"com.androidsample.generalstore:id/nameField"}&amp#27;[39m
[debug] &amp#27;[35m[W3C (644c8b8f)]&amp#27;[39m Calling AppiumDriver.findElement() with args: ["id","com.androidsample.generalstore:id/nameField","644c8b8f-f4d4-44af-83fa-05315fb4c337"]
[debug] &amp#27;[35m[BaseDriver]&amp#27;[39m Valid locator strategies for this request: xpath, id, class name, accessibility id, css selector, -android uiautomator
[debug] &amp#27;[35m[BaseDriver]&amp#27;[39m Waiting up to 20000 ms for condition
[debug] &amp#27;[35m[WD Proxy]&amp#27;[39m Matched '/element' to command name 'findElement'
[debug] &amp#27;[35m[WD Proxy]&amp#27;[39m Proxying [POST /element] to [POST http://127.0.0.1:8200/wd/hub/session/b99f2d84-67e3-4a57-a0c0-a9520c0547d2/element] with body: {"strategy":"id","selector":"com.androidsample.generalstore:id/nameField","context":"","multiple":false}
&amp#27;[35m[WD Proxy]&amp#27;[39m Got response with status 404: {"sessionId":"b99f2d84-67e3-4a57-a0c0-a9520c0547d2","value":{"error":"no such element","message":"An element could not be located on the page using the given search parameters","stacktrace":"io.appium.uiautomator2.common.exceptions.ElementNotFoundException: An element could not be located on the page using the given search parameters\n\tat io.appium.uiautomator2.handler.FindElement.safeHandle(FindElement.java:70)\n\tat io.appium.uiautomator2.handler.request.SafeRequestHandler.handle(SafeRequestHandler.java:41)\n\tat io.appium.uiautomator2.server.AppiumServlet.handleRequest(AppiumServlet.java:261)\n\tat io.appium.uiautomator2.server.AppiumServlet.handleHttpRequest(AppiumServlet.java:255)\n\tat io.appium.uiautomator2.http.ServerHandler.channelRead(ServerHandler.java:68)\n\tat io.netty.channel.AbstractChannelHandlerContext.invokeChannelRead(AbstractChannelHandlerContext.java:366)\n\tat io.netty.channel.AbstractChannelHandlerContext.invokeChannelRead(AbstractChannelHandlerContext.java:352)\n\tat io.netty.chann...
[debug] &amp#27;[35m[W3C]&amp#27;[39m Matched W3C error code 'no such element' to NoSuchElementError
[debug] &amp#27;[35m[BaseDriver]&amp#27;[39m Waited for 32 ms so far
[debug] &amp#27;[35m[WD Proxy]&amp#27;[39m Matched '/element' to command name 'findElement'
[debug] &amp#27;[35m[WD Proxy]&amp#27;[39m Proxying [POST /element] to [POST http://127.0.0.1:8200/wd/hub/session/b99f2d84-67e3-4a57-a0c0-a9520c0547d2/element] with body: {"strategy":"id","selector":"com.androidsample.generalstore:id/nameField","context":"","multiple":false}
&amp#27;[35m[WD Proxy]&amp#27;[39m Got response with status 404: {"sessionId":"b99f2d84-67e3-4a57-a0c0-a9520c0547d2","value":{"error":"no such element","message":"An element could not be located on the page using the given search parameters","stacktrace":"io.appium.uiautomator2.common.exceptions.ElementNotFoundException: An element could not be located on the page using the given search parameters\n\tat io.appium.uiautomator2.handler.FindElement.safeHandle(FindElement.java:70)\n\tat io.appium.uiautomator2.handler.request.SafeRequestHandler.handle(SafeRequestHandler.java:41)\n\tat io.appium.uiautomator2.server.AppiumServlet.handleRequest(AppiumServlet.java:261)\n\tat io.appium.uiautomator2.server.AppiumServlet.handleHttpRequest(AppiumServlet.java:255)\n\tat io.appium.uiautomator2.http.ServerHandler.channelRead(ServerHandler.java:68)\n\tat io.netty.channel.AbstractChannelHandlerContext.invokeChannelRead(AbstractChannelHandlerContext.java:366)\n\tat io.netty.channel.AbstractChannelHandlerContext.invokeChannelRead(AbstractChannelHandlerContext.java:352)\n\tat io.netty.chann...
[debug] &amp#27;[35m[W3C]&amp#27;[39m Matched W3C error code 'no such element' to NoSuchElementError
[debug] &amp#27;[35m[BaseDriver]&amp#27;[39m Waited for 548 ms so far
[debug] &amp#27;[35m[WD Proxy]&amp#27;[39m Matched '/element' to command name 'findElement'
[debug] &amp#27;[35m[WD Proxy]&amp#27;[39m Proxying [POST /element] to [POST http://127.0.0.1:8200/wd/hub/session/b99f2d84-67e3-4a57-a0c0-a9520c0547d2/element] with body: {"strategy":"id","selector":"com.androidsample.generalstore:id/nameField","context":"","multiple":false}
&amp#27;[35m[WD Proxy]&amp#27;[39m Got response with status 404: {"sessionId":"b99f2d84-67e3-4a57-a0c0-a9520c0547d2","value":{"error":"no such element","message":"An element could not be located on the page using the given search parameters","stacktrace":"io.appium.uiautomator2.common.exceptions.ElementNotFoundException: An element could not be located on the page using the given search parameters\n\tat io.appium.uiautomator2.handler.FindElement.safeHandle(FindElement.java:70)\n\tat io.appium.uiautomator2.handler.request.SafeRequestHandler.handle(SafeRequestHandler.java:41)\n\tat io.appium.uiautomator2.server.AppiumServlet.handleRequest(AppiumServlet.java:261)\n\tat io.appium.uiautomator2.server.AppiumServlet.handleHttpRequest(AppiumServlet.java:255)\n\tat io.appium.uiautomator2.http.ServerHandler.channelRead(ServerHandler.java:68)\n\tat io.netty.channel.AbstractChannelHandlerContext.invokeChannelRead(AbstractChannelHandlerContext.java:366)\n\tat io.netty.channel.AbstractChannelHandlerContext.invokeChannelRead(AbstractChannelHandlerContext.java:352)\n\tat io.netty.chann...
[debug] &amp#27;[35m[W3C]&amp#27;[39m Matched W3C error code 'no such element' to NoSuchElementError
[debug] &amp#27;[35m[BaseDriver]&amp#27;[39m Waited for 1085 ms so far
[debug] &amp#27;[35m[WD Proxy]&amp#27;[39m Matched '/element' to command name 'findElement'
[debug] &amp#27;[35m[WD Proxy]&amp#27;[39m Proxying [POST /element] to [POST http://127.0.0.1:8200/wd/hub/session/b99f2d84-67e3-4a57-a0c0-a9520c0547d2/element] with body: {"strategy":"id","selector":"com.androidsample.generalstore:id/nameField","context":"","multiple":false}
&amp#27;[35m[WD Proxy]&amp#27;[39m Got response with status 404: {"sessionId":"b99f2d84-67e3-4a57-a0c0-a9520c0547d2","value":{"error":"no such element","message":"An element could not be located on the page using the given search parameters","stacktrace":"io.appium.uiautomator2.common.exceptions.ElementNotFoundException: An element could not be located on the page using the given search parameters\n\tat io.appium.uiautomator2.handler.FindElement.safeHandle(FindElement.java:70)\n\tat io.appium.uiautomator2.handler.request.SafeRequestHandler.handle(SafeRequestHandler.java:41)\n\tat io.appium.uiautomator2.server.AppiumServlet.handleRequest(AppiumServlet.java:261)\n\tat io.appium.uiautomator2.server.AppiumServlet.handleHttpRequest(AppiumServlet.java:255)\n\tat io.appium.uiautomator2.http.ServerHandler.channelRead(ServerHandler.java:68)\n\tat io.netty.channel.AbstractChannelHandlerContext.invokeChannelRead(AbstractChannelHandlerContext.java:366)\n\tat io.netty.channel.AbstractChannelHandlerContext.invokeChannelRead(AbstractChannelHandlerContext.java:352)\n\tat io.netty.chann...
[debug] &amp#27;[35m[W3C]&amp#27;[39m Matched W3C error code 'no such element' to NoSuchElementError
[debug] &amp#27;[35m[BaseDriver]&amp#27;[39m Waited for 1635 ms so far
[debug] &amp#27;[35m[WD Proxy]&amp#27;[39m Matched '/element' to command name 'findElement'
[debug] &amp#27;[35m[WD Proxy]&amp#27;[39m Proxying [POST /element] to [POST http://127.0.0.1:8200/wd/hub/session/b99f2d84-67e3-4a57-a0c0-a9520c0547d2/element] with body: {"strategy":"id","selector":"com.androidsample.generalstore:id/nameField","context":"","multiple":false}
&amp#27;[35m[WD Proxy]&amp#27;[39m Got response with status 404: {"sessionId":"b99f2d84-67e3-4a57-a0c0-a9520c0547d2","value":{"error":"no such element","message":"An element could not be located on the page using the given search parameters","stacktrace":"io.appium.uiautomator2.common.exceptions.ElementNotFoundException: An element could not be located on the page using the given search parameters\n\tat io.appium.uiautomator2.handler.FindElement.safeHandle(FindElement.java:70)\n\tat io.appium.uiautomator2.handler.request.SafeRequestHandler.handle(SafeRequestHandler.java:41)\n\tat io.appium.uiautomator2.server.AppiumServlet.handleRequest(AppiumServlet.java:261)\n\tat io.appium.uiautomator2.server.AppiumServlet.handleHttpRequest(AppiumServlet.java:255)\n\tat io.appium.uiautomator2.http.ServerHandler.channelRead(ServerHandler.java:68)\n\tat io.netty.channel.AbstractChannelHandlerContext.invokeChannelRead(AbstractChannelHandlerContext.java:366)\n\tat io.netty.channel.AbstractChannelHandlerContext.invokeChannelRead(AbstractChannelHandlerContext.java:352)\n\tat io.netty.chann...
[debug] &amp#27;[35m[W3C]&amp#27;[39m Matched W3C error code 'no such element' to NoSuchElementError
[debug] &amp#27;[35m[BaseDriver]&amp#27;[39m Waited for 2244 ms so far
[debug] &amp#27;[35m[WD Proxy]&amp#27;[39m Matched '/element' to command name 'findElement'
[debug] &amp#27;[35m[WD Proxy]&amp#27;[39m Proxying [POST /element] to [POST http://127.0.0.1:8200/wd/hub/session/b99f2d84-67e3-4a57-a0c0-a9520c0547d2/element] with body: {"strategy":"id","selector":"com.androidsample.generalstore:id/nameField","context":"","multiple":false}
[debug] &amp#27;[35m[WD Proxy]&amp#27;[39m Got response with status 200: {"sessionId":"b99f2d84-67e3-4a57-a0c0-a9520c0547d2","value":{"ELEMENT":"72409e0b-9b7a-4800-8636-2c5b233ed7be","element-6066-11e4-a52e-4f735466cecf":"72409e0b-9b7a-4800-8636-2c5b233ed7be"}}
[debug] &amp#27;[35m[W3C (644c8b8f)]&amp#27;[39m Responding to client with driver.findElement() result: {"element-6066-11e4-a52e-4f735466cecf":"72409e0b-9b7a-4800-8636-2c5b233ed7be","ELEMENT":"72409e0b-9b7a-4800-8636-2c5b233ed7be"}
&amp#27;[35m[HTTP]&amp#27;[39m &amp#27;[37m<-- POST /wd/hub/session/644c8b8f-f4d4-44af-83fa-05315fb4c337/element &amp#27;[39m&amp#27;[32m200&amp#27;[39m &amp#27;[90m2914 ms - 137&amp#27;[39m
&amp#27;[35m[HTTP]&amp#27;[39m &amp#27;[90m&amp#27;[39m
&amp#27;[35m[HTTP]&amp#27;[39m &amp#27;[37m-->&amp#27;[39m &amp#27;[37mPOST&amp#27;[39m &amp#27;[37m/wd/hub/session/644c8b8f-f4d4-44af-83fa-05315fb4c337/element/72409e0b-9b7a-4800-8636-2c5b233ed7be/value&amp#27;[39m
&amp#27;[35m[HTTP]&amp#27;[39m &amp#27;[90m{"id":"72409e0b-9b7a-4800-8636-2c5b233ed7be","text":"Ankit","value":["A","n","k","i","t"]}&amp#27;[39m
[debug] &amp#27;[35m[W3C (644c8b8f)]&amp#27;[39m Calling AppiumDriver.setValue() with args: [["A","n","k","i","t"],"72409e0b-9b7a-4800-8636-2c5b233ed7be","644c8b8f-f4d4-44af-83fa-05315fb4c337"]
[debug] &amp#27;[35m[WD Proxy]&amp#27;[39m Matched '/element/72409e0b-9b7a-4800-8636-2c5b233ed7be/value' to command name 'setValue'
[debug] &amp#27;[35m[Protocol Converter]&amp#27;[39m Added 'value' property ["A","n","k","i","t"] to 'setValue' request body
[debug] &amp#27;[35m[WD Proxy]&amp#27;[39m Proxying [POST /element/72409e0b-9b7a-4800-8636-2c5b233ed7be/value] to [POST http://127.0.0.1:8200/wd/hub/session/b99f2d84-67e3-4a57-a0c0-a9520c0547d2/element/72409e0b-9b7a-4800-8636-2c5b233ed7be/value] with body: {"elementId":"72409e0b-9b7a-4800-8636-2c5b233ed7be","text":"Ankit","replace":false,"value":["A","n","k","i","t"]}
[debug] &amp#27;[35m[WD Proxy]&amp#27;[39m Got response with status 200: {"sessionId":"b99f2d84-67e3-4a57-a0c0-a9520c0547d2","value":null}
[debug] &amp#27;[35m[W3C (644c8b8f)]&amp#27;[39m Responding to client with driver.setValue() result: null
&amp#27;[35m[HTTP]&amp#27;[39m &amp#27;[37m<-- POST /wd/hub/session/644c8b8f-f4d4-44af-83fa-05315fb4c337/element/72409e0b-9b7a-4800-8636-2c5b233ed7be/value &amp#27;[39m&amp#27;[32m200&amp#27;[39m &amp#27;[90m89 ms - 14&amp#27;[39m
&amp#27;[35m[HTTP]&amp#27;[39m &amp#27;[90m&amp#27;[39m
&amp#27;[35m[HTTP]&amp#27;[39m &amp#27;[37m-->&amp#27;[39m &amp#27;[37mPOST&amp#27;[39m &amp#27;[37m/wd/hub/session/644c8b8f-f4d4-44af-83fa-05315fb4c337/appium/device/hide_keyboard&amp#27;[39m
&amp#27;[35m[HTTP]&amp#27;[39m &amp#27;[90m{}&amp#27;[39m
[debug] &amp#27;[35m[W3C (644c8b8f)]&amp#27;[39m Calling AppiumDriver.hideKeyboard() with args: [null,null,null,null,"644c8b8f-f4d4-44af-83fa-05315fb4c337"]
[debug] &amp#27;[35m[ADB]&amp#27;[39m Running 'C:\Users\ANKIT\AppData\Local\Android\Sdk\platform-tools\adb.exe -P 5037 -s 0ac1d17f shell dumpsys input_method'
&amp#27;[35m[AndroidDriver]&amp#27;[39m Keyboard has no UI; no closing necessary
[debug] &amp#27;[35m[W3C (644c8b8f)]&amp#27;[39m Responding to client with driver.hideKeyboard() result: null
&amp#27;[35m[HTTP]&amp#27;[39m &amp#27;[37m<-- POST /wd/hub/session/644c8b8f-f4d4-44af-83fa-05315fb4c337/appium/device/hide_keyboard &amp#27;[39m&amp#27;[32m200&amp#27;[39m &amp#27;[90m1729 ms - 14&amp#27;[39m
&amp#27;[35m[HTTP]&amp#27;[39m &amp#27;[90m&amp#27;[39m
&amp#27;[35m[HTTP]&amp#27;[39m &amp#27;[37m-->&amp#27;[39m &amp#27;[37mPOST&amp#27;[39m &amp#27;[37m/wd/hub/session/644c8b8f-f4d4-44af-83fa-05315fb4c337/element&amp#27;[39m
&amp#27;[35m[HTTP]&amp#27;[39m &amp#27;[90m{"using":"xpath","value":"//android.widget.RadioButton[@text='Male']"}&amp#27;[39m
[debug] &amp#27;[35m[W3C (644c8b8f)]&amp#27;[39m Calling AppiumDriver.findElement() with args: ["xpath","//android.widget.RadioButton[@text='Male']","644c8b8f-f4d4-44af-83fa-05315fb4c337"]
[debug] &amp#27;[35m[BaseDriver]&amp#27;[39m Valid locator strategies for this request: xpath, id, class name, accessibility id, css selector, -android uiautomator
[debug] &amp#27;[35m[BaseDriver]&amp#27;[39m Waiting up to 20000 ms for condition
[debug] &amp#27;[35m[WD Proxy]&amp#27;[39m Matched '/element' to command name 'findElement'
[debug] &amp#27;[35m[WD Proxy]&amp#27;[39m Proxying [POST /element] to [POST http://127.0.0.1:8200/wd/hub/session/b99f2d84-67e3-4a57-a0c0-a9520c0547d2/element] with body: {"strategy":"xpath","selector":"//android.widget.RadioButton[@text='Male']","context":"","multiple":false}
[debug] &amp#27;[35m[WD Proxy]&amp#27;[39m Got response with status 200: {"sessionId":"b99f2d84-67e3-4a57-a0c0-a9520c0547d2","value":{"ELEMENT":"d3e05c63-e02e-4696-b5a3-48716dd8c384","element-6066-11e4-a52e-4f735466cecf":"d3e05c63-e02e-4696-b5a3-48716dd8c384"}}
[debug] &amp#27;[35m[W3C (644c8b8f)]&amp#27;[39m Responding to client with driver.findElement() result: {"element-6066-11e4-a52e-4f735466cecf":"d3e05c63-e02e-4696-b5a3-48716dd8c384","ELEMENT":"d3e05c63-e02e-4696-b5a3-48716dd8c384"}
&amp#27;[35m[HTTP]&amp#27;[39m &amp#27;[37m<-- POST /wd/hub/session/644c8b8f-f4d4-44af-83fa-05315fb4c337/element &amp#27;[39m&amp#27;[32m200&amp#27;[39m &amp#27;[90m129 ms - 137&amp#27;[39m
&amp#27;[35m[HTTP]&amp#27;[39m &amp#27;[90m&amp#27;[39m
&amp#27;[35m[HTTP]&amp#27;[39m &amp#27;[37m-->&amp#27;[39m &amp#27;[37mPOST&amp#27;[39m &amp#27;[37m/wd/hub/session/644c8b8f-f4d4-44af-83fa-05315fb4c337/element/d3e05c63-e02e-4696-b5a3-48716dd8c384/click&amp#27;[39m
&amp#27;[35m[HTTP]&amp#27;[39m &amp#27;[90m{"id":"d3e05c63-e02e-4696-b5a3-48716dd8c384"}&amp#27;[39m
[debug] &amp#27;[35m[W3C (644c8b8f)]&amp#27;[39m Calling AppiumDriver.click() with args: ["d3e05c63-e02e-4696-b5a3-48716dd8c384","644c8b8f-f4d4-44af-83fa-05315fb4c337"]
[debug] &amp#27;[35m[WD Proxy]&amp#27;[39m Matched '/element/d3e05c63-e02e-4696-b5a3-48716dd8c384/click' to command name 'click'
[debug] &amp#27;[35m[WD Proxy]&amp#27;[39m Proxying [POST /element/d3e05c63-e02e-4696-b5a3-48716dd8c384/click] to [POST http://127.0.0.1:8200/wd/hub/session/b99f2d84-67e3-4a57-a0c0-a9520c0547d2/element/d3e05c63-e02e-4696-b5a3-48716dd8c384/click] with body: {"element":"d3e05c63-e02e-4696-b5a3-48716dd8c384"}
[debug] &amp#27;[35m[WD Proxy]&amp#27;[39m Got response with status 200: {"sessionId":"b99f2d84-67e3-4a57-a0c0-a9520c0547d2","value":null}
[debug] &amp#27;[35m[W3C (644c8b8f)]&amp#27;[39m Responding to client with driver.click() result: null
&amp#27;[35m[HTTP]&amp#27;[39m &amp#27;[37m<-- POST /wd/hub/session/644c8b8f-f4d4-44af-83fa-05315fb4c337/element/d3e05c63-e02e-4696-b5a3-48716dd8c384/click &amp#27;[39m&amp#27;[32m200&amp#27;[39m &amp#27;[90m104 ms - 14&amp#27;[39m
&amp#27;[35m[HTTP]&amp#27;[39m &amp#27;[90m&amp#27;[39m
&amp#27;[35m[HTTP]&amp#27;[39m &amp#27;[37m-->&amp#27;[39m &amp#27;[37mGET&amp#27;[39m &amp#27;[37m/wd/hub/session/644c8b8f-f4d4-44af-83fa-05315fb4c337/context&amp#27;[39m
&amp#27;[35m[HTTP]&amp#27;[39m &amp#27;[90m{}&amp#27;[39m
[debug] &amp#27;[35m[W3C (644c8b8f)]&amp#27;[39m Calling AppiumDriver.getCurrentContext() with args: ["644c8b8f-f4d4-44af-83fa-05315fb4c337"]
[debug] &amp#27;[35m[W3C (644c8b8f)]&amp#27;[39m Responding to client with driver.getCurrentContext() result: "NATIVE_APP"
&amp#27;[35m[HTTP]&amp#27;[39m &amp#27;[37m<-- GET /wd/hub/session/644c8b8f-f4d4-44af-83fa-05315fb4c337/context &amp#27;[39m&amp#27;[32m200&amp#27;[39m &amp#27;[90m3 ms - 22&amp#27;[39m
&amp#27;[35m[HTTP]&amp#27;[39m &amp#27;[90m&amp#27;[39m
&amp#27;[35m[HTTP]&amp#27;[39m &amp#27;[37m-->&amp#27;[39m &amp#27;[37mPOST&amp#27;[39m &amp#27;[37m/wd/hub/session/644c8b8f-f4d4-44af-83fa-05315fb4c337/element&amp#27;[39m
&amp#27;[35m[HTTP]&amp#27;[39m &amp#27;[90m{"using":"id","value":"android:id/text1"}&amp#27;[39m
[debug] &amp#27;[35m[W3C (644c8b8f)]&amp#27;[39m Calling AppiumDriver.findElement() with args: ["id","android:id/text1","644c8b8f-f4d4-44af-83fa-05315fb4c337"]
[debug] &amp#27;[35m[BaseDriver]&amp#27;[39m Valid locator strategies for this request: xpath, id, class name, accessibility id, css selector, -android uiautomator
[debug] &amp#27;[35m[BaseDriver]&amp#27;[39m Waiting up to 20000 ms for condition
[debug] &amp#27;[35m[WD Proxy]&amp#27;[39m Matched '/element' to command name 'findElement'
[debug] &amp#27;[35m[WD Proxy]&amp#27;[39m Proxying [POST /element] to [POST http://127.0.0.1:8200/wd/hub/session/b99f2d84-67e3-4a57-a0c0-a9520c0547d2/element] with body: {"strategy":"id","selector":"android:id/text1","context":"","multiple":false}
[debug] &amp#27;[35m[WD Proxy]&amp#27;[39m Got response with status 200: {"sessionId":"b99f2d84-67e3-4a57-a0c0-a9520c0547d2","value":{"ELEMENT":"45f1a96c-b8df-43a4-9f3b-1440c39718e9","element-6066-11e4-a52e-4f735466cecf":"45f1a96c-b8df-43a4-9f3b-1440c39718e9"}}
[debug] &amp#27;[35m[W3C (644c8b8f)]&amp#27;[39m Responding to client with driver.findElement() result: {"element-6066-11e4-a52e-4f735466cecf":"45f1a96c-b8df-43a4-9f3b-1440c39718e9","ELEMENT":"45f1a96c-b8df-43a4-9f3b-1440c39718e9"}
&amp#27;[35m[HTTP]&amp#27;[39m &amp#27;[37m<-- POST /wd/hub/session/644c8b8f-f4d4-44af-83fa-05315fb4c337/element &amp#27;[39m&amp#27;[32m200&amp#27;[39m &amp#27;[90m537 ms - 137&amp#27;[39m
&amp#27;[35m[HTTP]&amp#27;[39m &amp#27;[90m&amp#27;[39m
&amp#27;[35m[HTTP]&amp#27;[39m &amp#27;[37m-->&amp#27;[39m &amp#27;[37mPOST&amp#27;[39m &amp#27;[37m/wd/hub/session/644c8b8f-f4d4-44af-83fa-05315fb4c337/element/45f1a96c-b8df-43a4-9f3b-1440c39718e9/click&amp#27;[39m
&amp#27;[35m[HTTP]&amp#27;[39m &amp#27;[90m{"id":"45f1a96c-b8df-43a4-9f3b-1440c39718e9"}&amp#27;[39m
[debug] &amp#27;[35m[W3C (644c8b8f)]&amp#27;[39m Calling AppiumDriver.click() with args: ["45f1a96c-b8df-43a4-9f3b-1440c39718e9","644c8b8f-f4d4-44af-83fa-05315fb4c337"]
[debug] &amp#27;[35m[WD Proxy]&amp#27;[39m Matched '/element/45f1a96c-b8df-43a4-9f3b-1440c39718e9/click' to command name 'click'
[debug] &amp#27;[35m[WD Proxy]&amp#27;[39m Proxying [POST /element/45f1a96c-b8df-43a4-9f3b-1440c39718e9/click] to [POST http://127.0.0.1:8200/wd/hub/session/b99f2d84-67e3-4a57-a0c0-a9520c0547d2/element/45f1a96c-b8df-43a4-9f3b-1440c39718e9/click] with body: {"element":"45f1a96c-b8df-43a4-9f3b-1440c39718e9"}
[debug] &amp#27;[35m[WD Proxy]&amp#27;[39m Got response with status 200: {"sessionId":"b99f2d84-67e3-4a57-a0c0-a9520c0547d2","value":null}
[debug] &amp#27;[35m[W3C (644c8b8f)]&amp#27;[39m Responding to client with driver.click() result: null
&amp#27;[35m[HTTP]&amp#27;[39m &amp#27;[37m<-- POST /wd/hub/session/644c8b8f-f4d4-44af-83fa-05315fb4c337/element/45f1a96c-b8df-43a4-9f3b-1440c39718e9/click &amp#27;[39m&amp#27;[32m200&amp#27;[39m &amp#27;[90m100 ms - 14&amp#27;[39m
&amp#27;[35m[HTTP]&amp#27;[39m &amp#27;[90m&amp#27;[39m
&amp#27;[35m[HTTP]&amp#27;[39m &amp#27;[37m-->&amp#27;[39m &amp#27;[37mPOST&amp#27;[39m &amp#27;[37m/wd/hub/session/644c8b8f-f4d4-44af-83fa-05315fb4c337/element&amp#27;[39m
&amp#27;[35m[HTTP]&amp#27;[39m &amp#27;[90m{"using":"-android uiautomator","value":"new UiScrollable(new UiSelector()).scrollIntoView(text(\"Argentina\"));"}&amp#27;[39m
[debug] &amp#27;[35m[W3C (644c8b8f)]&amp#27;[39m Calling AppiumDriver.findElement() with args: ["-android uiautomator","new UiScrollable(new UiSelector()).scrollIntoView(text(\"Argentina\"));","644c8b8f-f4d4-44af-83fa-05315fb4c337"]
[debug] &amp#27;[35m[BaseDriver]&amp#27;[39m Valid locator strategies for this request: xpath, id, class name, accessibility id, css selector, -android uiautomator
[debug] &amp#27;[35m[BaseDriver]&amp#27;[39m Waiting up to 20000 ms for condition
[debug] &amp#27;[35m[WD Proxy]&amp#27;[39m Matched '/element' to command name 'findElement'
[debug] &amp#27;[35m[WD Proxy]&amp#27;[39m Proxying [POST /element] to [POST http://127.0.0.1:8200/wd/hub/session/b99f2d84-67e3-4a57-a0c0-a9520c0547d2/element] with body: {"strategy":"-android uiautomator","selector":"new UiScrollable(new UiSelector()).scrollIntoView(text(\"Argentina\"));","context":"","multiple":false}
[debug] &amp#27;[35m[WD Proxy]&amp#27;[39m Got response with status 200: {"sessionId":"b99f2d84-67e3-4a57-a0c0-a9520c0547d2","value":{"ELEMENT":"9811cca0-e270-422a-9a0e-555050a0554f","element-6066-11e4-a52e-4f735466cecf":"9811cca0-e270-422a-9a0e-555050a0554f"}}
[debug] &amp#27;[35m[W3C (644c8b8f)]&amp#27;[39m Responding to client with driver.findElement() result: {"element-6066-11e4-a52e-4f735466cecf":"9811cca0-e270-422a-9a0e-555050a0554f","ELEMENT":"9811cca0-e270-422a-9a0e-555050a0554f"}
&amp#27;[35m[HTTP]&amp#27;[39m &amp#27;[37m<-- POST /wd/hub/session/644c8b8f-f4d4-44af-83fa-05315fb4c337/element &amp#27;[39m&amp#27;[32m200&amp#27;[39m &amp#27;[90m982 ms - 137&amp#27;[39m
&amp#27;[35m[HTTP]&amp#27;[39m &amp#27;[90m&amp#27;[39m
&amp#27;[35m[HTTP]&amp#27;[39m &amp#27;[37m-->&amp#27;[39m &amp#27;[37mPOST&amp#27;[39m &amp#27;[37m/wd/hub/session/644c8b8f-f4d4-44af-83fa-05315fb4c337/element/9811cca0-e270-422a-9a0e-555050a0554f/click&amp#27;[39m
&amp#27;[35m[HTTP]&amp#27;[39m &amp#27;[90m{"id":"9811cca0-e270-422a-9a0e-555050a0554f"}&amp#27;[39m
[debug] &amp#27;[35m[W3C (644c8b8f)]&amp#27;[39m Calling AppiumDriver.click() with args: ["9811cca0-e270-422a-9a0e-555050a0554f","644c8b8f-f4d4-44af-83fa-05315fb4c337"]
[debug] &amp#27;[35m[WD Proxy]&amp#27;[39m Matched '/element/9811cca0-e270-422a-9a0e-555050a0554f/click' to command name 'click'
[debug] &amp#27;[35m[WD Proxy]&amp#27;[39m Proxying [POST /element/9811cca0-e270-422a-9a0e-555050a0554f/click] to [POST http://127.0.0.1:8200/wd/hub/session/b99f2d84-67e3-4a57-a0c0-a9520c0547d2/element/9811cca0-e270-422a-9a0e-555050a0554f/click] with body: {"element":"9811cca0-e270-422a-9a0e-555050a0554f"}
[debug] &amp#27;[35m[WD Proxy]&amp#27;[39m Got response with status 200: {"sessionId":"b99f2d84-67e3-4a57-a0c0-a9520c0547d2","value":null}
[debug] &amp#27;[35m[W3C (644c8b8f)]&amp#27;[39m Responding to client with driver.click() result: null
&amp#27;[35m[HTTP]&amp#27;[39m &amp#27;[37m<-- POST /wd/hub/session/644c8b8f-f4d4-44af-83fa-05315fb4c337/element/9811cca0-e270-422a-9a0e-555050a0554f/click &amp#27;[39m&amp#27;[32m200&amp#27;[39m &amp#27;[90m710 ms - 14&amp#27;[39m
&amp#27;[35m[HTTP]&amp#27;[39m &amp#27;[90m&amp#27;[39m
&amp#27;[35m[HTTP]&amp#27;[39m &amp#27;[37m-->&amp#27;[39m &amp#27;[37mGET&amp#27;[39m &amp#27;[37m/wd/hub/session/644c8b8f-f4d4-44af-83fa-05315fb4c337/context&amp#27;[39m
&amp#27;[35m[HTTP]&amp#27;[39m &amp#27;[90m{}&amp#27;[39m
[debug] &amp#27;[35m[W3C (644c8b8f)]&amp#27;[39m Calling AppiumDriver.getCurrentContext() with args: ["644c8b8f-f4d4-44af-83fa-05315fb4c337"]
[debug] &amp#27;[35m[W3C (644c8b8f)]&amp#27;[39m Responding to client with driver.getCurrentContext() result: "NATIVE_APP"
&amp#27;[35m[HTTP]&amp#27;[39m &amp#27;[37m<-- GET /wd/hub/session/644c8b8f-f4d4-44af-83fa-05315fb4c337/context &amp#27;[39m&amp#27;[32m200&amp#27;[39m &amp#27;[90m3 ms - 22&amp#27;[39m
&amp#27;[35m[HTTP]&amp#27;[39m &amp#27;[90m&amp#27;[39m
&amp#27;[35m[HTTP]&amp#27;[39m &amp#27;[37m-->&amp#27;[39m &amp#27;[37mPOST&amp#27;[39m &amp#27;[37m/wd/hub/session/644c8b8f-f4d4-44af-83fa-05315fb4c337/element&amp#27;[39m
&amp#27;[35m[HTTP]&amp#27;[39m &amp#27;[90m{"using":"id","value":"com.androidsample.generalstore:id/btnLetsShop"}&amp#27;[39m
[debug] &amp#27;[35m[W3C (644c8b8f)]&amp#27;[39m Calling AppiumDriver.findElement() with args: ["id","com.androidsample.generalstore:id/btnLetsShop","644c8b8f-f4d4-44af-83fa-05315fb4c337"]
[debug] &amp#27;[35m[BaseDriver]&amp#27;[39m Valid locator strategies for this request: xpath, id, class name, accessibility id, css selector, -android uiautomator
[debug] &amp#27;[35m[BaseDriver]&amp#27;[39m Waiting up to 20000 ms for condition
[debug] &amp#27;[35m[WD Proxy]&amp#27;[39m Matched '/element' to command name 'findElement'
[debug] &amp#27;[35m[WD Proxy]&amp#27;[39m Proxying [POST /element] to [POST http://127.0.0.1:8200/wd/hub/session/b99f2d84-67e3-4a57-a0c0-a9520c0547d2/element] with body: {"strategy":"id","selector":"com.androidsample.generalstore:id/btnLetsShop","context":"","multiple":false}
[debug] &amp#27;[35m[WD Proxy]&amp#27;[39m Got response with status 200: {"sessionId":"b99f2d84-67e3-4a57-a0c0-a9520c0547d2","value":{"ELEMENT":"8604f7f2-c158-4cf6-bc18-aa384c238657","element-6066-11e4-a52e-4f735466cecf":"8604f7f2-c158-4cf6-bc18-aa384c238657"}}
[debug] &amp#27;[35m[W3C (644c8b8f)]&amp#27;[39m Responding to client with driver.findElement() result: {"element-6066-11e4-a52e-4f735466cecf":"8604f7f2-c158-4cf6-bc18-aa384c238657","ELEMENT":"8604f7f2-c158-4cf6-bc18-aa384c238657"}
&amp#27;[35m[HTTP]&amp#27;[39m &amp#27;[37m<-- POST /wd/hub/session/644c8b8f-f4d4-44af-83fa-05315fb4c337/element &amp#27;[39m&amp#27;[32m200&amp#27;[39m &amp#27;[90m513 ms - 137&amp#27;[39m
&amp#27;[35m[HTTP]&amp#27;[39m &amp#27;[90m&amp#27;[39m
&amp#27;[35m[HTTP]&amp#27;[39m &amp#27;[37m-->&amp#27;[39m &amp#27;[37mPOST&amp#27;[39m &amp#27;[37m/wd/hub/session/644c8b8f-f4d4-44af-83fa-05315fb4c337/element/8604f7f2-c158-4cf6-bc18-aa384c238657/click&amp#27;[39m
&amp#27;[35m[HTTP]&amp#27;[39m &amp#27;[90m{"id":"8604f7f2-c158-4cf6-bc18-aa384c238657"}&amp#27;[39m
[debug] &amp#27;[35m[W3C (644c8b8f)]&amp#27;[39m Calling AppiumDriver.click() with args: ["8604f7f2-c158-4cf6-bc18-aa384c238657","644c8b8f-f4d4-44af-83fa-05315fb4c337"]
[debug] &amp#27;[35m[WD Proxy]&amp#27;[39m Matched '/element/8604f7f2-c158-4cf6-bc18-aa384c238657/click' to command name 'click'
[debug] &amp#27;[35m[WD Proxy]&amp#27;[39m Proxying [POST /element/8604f7f2-c158-4cf6-bc18-aa384c238657/click] to [POST http://127.0.0.1:8200/wd/hub/session/b99f2d84-67e3-4a57-a0c0-a9520c0547d2/element/8604f7f2-c158-4cf6-bc18-aa384c238657/click] with body: {"element":"8604f7f2-c158-4cf6-bc18-aa384c238657"}
[debug] &amp#27;[35m[WD Proxy]&amp#27;[39m Got response with status 200: {"sessionId":"b99f2d84-67e3-4a57-a0c0-a9520c0547d2","value":null}
[debug] &amp#27;[35m[W3C (644c8b8f)]&amp#27;[39m Responding to client with driver.click() result: null
&amp#27;[35m[HTTP]&amp#27;[39m &amp#27;[37m<-- POST /wd/hub/session/644c8b8f-f4d4-44af-83fa-05315fb4c337/element/8604f7f2-c158-4cf6-bc18-aa384c238657/click &amp#27;[39m&amp#27;[32m200&amp#27;[39m &amp#27;[90m135 ms - 14&amp#27;[39m
&amp#27;[35m[HTTP]&amp#27;[39m &amp#27;[90m&amp#27;[39m
&amp#27;[35m[HTTP]&amp#27;[39m &amp#27;[37m-->&amp#27;[39m &amp#27;[37mPOST&amp#27;[39m &amp#27;[37m/wd/hub/session/644c8b8f-f4d4-44af-83fa-05315fb4c337/element&amp#27;[39m
&amp#27;[35m[HTTP]&amp#27;[39m &amp#27;[90m{"using":"-android uiautomator","value":"new UiScrollable(new UiSelector().resourceId(\"com.androidsample.generalstore:id/rvProductList\")).scrollIntoView(new UiSelector().textMatches(\"Jordan Lift Off\").instance(0))"}&amp#27;[39m
[debug] &amp#27;[35m[W3C (644c8b8f)]&amp#27;[39m Calling AppiumDriver.findElement() with args: ["-android uiautomator","new UiScrollable(new UiSelector().resourceId(\"com.androidsample.generalstore:id/rvProductList\")).scrollIntoView(new UiSelector().textMatches(\"Jordan Lift Off\").instance(0))","644c8b8f-f4d4-44af-83fa-05315fb4c337"]
[debug] &amp#27;[35m[BaseDriver]&amp#27;[39m Valid locator strategies for this request: xpath, id, class name, accessibility id, css selector, -android uiautomator
[debug] &amp#27;[35m[BaseDriver]&amp#27;[39m Waiting up to 20000 ms for condition
[debug] &amp#27;[35m[WD Proxy]&amp#27;[39m Matched '/element' to command name 'findElement'
[debug] &amp#27;[35m[WD Proxy]&amp#27;[39m Proxying [POST /element] to [POST http://127.0.0.1:8200/wd/hub/session/b99f2d84-67e3-4a57-a0c0-a9520c0547d2/element] with body: {"strategy":"-android uiautomator","selector":"new UiScrollable(new UiSelector().resourceId(\"com.androidsample.generalstore:id/rvProductList\")).scrollIntoView(new UiSelector().textMatches(\"Jordan Lift Off\").instance(0))","context":"","multiple":false}
[debug] &amp#27;[35m[WD Proxy]&amp#27;[39m Got response with status 200: {"sessionId":"b99f2d84-67e3-4a57-a0c0-a9520c0547d2","value":{"ELEMENT":"04ccf782-9974-40d1-b554-0a4a3c44d09b","element-6066-11e4-a52e-4f735466cecf":"04ccf782-9974-40d1-b554-0a4a3c44d09b"}}
[debug] &amp#27;[35m[W3C (644c8b8f)]&amp#27;[39m Responding to client with driver.findElement() result: {"element-6066-11e4-a52e-4f735466cecf":"04ccf782-9974-40d1-b554-0a4a3c44d09b","ELEMENT":"04ccf782-9974-40d1-b554-0a4a3c44d09b"}
&amp#27;[35m[HTTP]&amp#27;[39m &amp#27;[37m<-- POST /wd/hub/session/644c8b8f-f4d4-44af-83fa-05315fb4c337/element &amp#27;[39m&amp#27;[32m200&amp#27;[39m &amp#27;[90m6898 ms - 137&amp#27;[39m
&amp#27;[35m[HTTP]&amp#27;[39m &amp#27;[90m&amp#27;[39m
&amp#27;[35m[HTTP]&amp#27;[39m &amp#27;[37m-->&amp#27;[39m &amp#27;[37mGET&amp#27;[39m &amp#27;[37m/wd/hub/session/644c8b8f-f4d4-44af-83fa-05315fb4c337/context&amp#27;[39m
&amp#27;[35m[HTTP]&amp#27;[39m &amp#27;[90m{}&amp#27;[39m
[debug] &amp#27;[35m[W3C (644c8b8f)]&amp#27;[39m Calling AppiumDriver.getCurrentContext() with args: ["644c8b8f-f4d4-44af-83fa-05315fb4c337"]
[debug] &amp#27;[35m[W3C (644c8b8f)]&amp#27;[39m Responding to client with driver.getCurrentContext() result: "NATIVE_APP"
&amp#27;[35m[HTTP]&amp#27;[39m &amp#27;[37m<-- GET /wd/hub/session/644c8b8f-f4d4-44af-83fa-05315fb4c337/context &amp#27;[39m&amp#27;[32m200&amp#27;[39m &amp#27;[90m3 ms - 22&amp#27;[39m
&amp#27;[35m[HTTP]&amp#27;[39m &amp#27;[90m&amp#27;[39m
&amp#27;[35m[HTTP]&amp#27;[39m &amp#27;[37m-->&amp#27;[39m &amp#27;[37mPOST&amp#27;[39m &amp#27;[37m/wd/hub/session/644c8b8f-f4d4-44af-83fa-05315fb4c337/elements&amp#27;[39m
&amp#27;[35m[HTTP]&amp#27;[39m &amp#27;[90m{"using":"id","value":"com.androidsample.generalstore:id/productName"}&amp#27;[39m
[debug] &amp#27;[35m[W3C (644c8b8f)]&amp#27;[39m Calling AppiumDriver.findElements() with args: ["id","com.androidsample.generalstore:id/productName","644c8b8f-f4d4-44af-83fa-05315fb4c337"]
[debug] &amp#27;[35m[BaseDriver]&amp#27;[39m Valid locator strategies for this request: xpath, id, class name, accessibility id, css selector, -android uiautomator
[debug] &amp#27;[35m[BaseDriver]&amp#27;[39m Waiting up to 20000 ms for condition
[debug] &amp#27;[35m[WD Proxy]&amp#27;[39m Matched '/elements' to command name 'findElements'
[debug] &amp#27;[35m[WD Proxy]&amp#27;[39m Proxying [POST /elements] to [POST http://127.0.0.1:8200/wd/hub/session/b99f2d84-67e3-4a57-a0c0-a9520c0547d2/elements] with body: {"strategy":"id","selector":"com.androidsample.generalstore:id/productName","context":"","multiple":true}
[debug] &amp#27;[35m[WD Proxy]&amp#27;[39m Got response with status 200: {"sessionId":"b99f2d84-67e3-4a57-a0c0-a9520c0547d2","value":[{"ELEMENT":"a5db2a7b-8799-45a1-ba5f-d2e5fb04386a","element-6066-11e4-a52e-4f735466cecf":"a5db2a7b-8799-45a1-ba5f-d2e5fb04386a"},{"ELEMENT":"3279ab1d-1da8-4d2c-b8c2-3ab1584d6c22","element-6066-11e4-a52e-4f735466cecf":"3279ab1d-1da8-4d2c-b8c2-3ab1584d6c22"},{"ELEMENT":"a7877ad3-688f-46ff-a07e-0bd86c7db919","element-6066-11e4-a52e-4f735466cecf":"a7877ad3-688f-46ff-a07e-0bd86c7db919"}]}
[debug] &amp#27;[35m[W3C (644c8b8f)]&amp#27;[39m Responding to client with driver.findElements() result: [{"element-6066-11e4-a52e-4f735466cecf":"a5db2a7b-8799-45a1-ba5f-d2e5fb04386a","ELEMENT":"a5db2a7b-8799-45a1-ba5f-d2e5fb04386a"},{"element-6066-11e4-a52e-4f735466cecf":"3279ab1d-1da8-4d2c-b8c2-3ab1584d6c22","ELEMENT":"3279ab1d-1da8-4d2c-b8c2-3ab1584d6c22"},{"element-6066-11e4-a52e-4f735466cecf":"a7877ad3-688f-46ff-a07e-0bd86c7db919","ELEMENT":"a7877ad3-688f-46ff-a07e-0bd86c7db919"}]
&amp#27;[35m[HTTP]&amp#27;[39m &amp#27;[37m<-- POST /wd/hub/session/644c8b8f-f4d4-44af-83fa-05315fb4c337/elements &amp#27;[39m&amp#27;[32m200&amp#27;[39m &amp#27;[90m99 ms - 395&amp#27;[39m
&amp#27;[35m[HTTP]&amp#27;[39m &amp#27;[90m&amp#27;[39m
&amp#27;[35m[HTTP]&amp#27;[39m &amp#27;[37m-->&amp#27;[39m &amp#27;[37mGET&amp#27;[39m &amp#27;[37m/wd/hub/session/644c8b8f-f4d4-44af-83fa-05315fb4c337/context&amp#27;[39m
&amp#27;[35m[HTTP]&amp#27;[39m &amp#27;[90m{}&amp#27;[39m
[debug] &amp#27;[35m[W3C (644c8b8f)]&amp#27;[39m Calling AppiumDriver.getCurrentContext() with args: ["644c8b8f-f4d4-44af-83fa-05315fb4c337"]
[debug] &amp#27;[35m[W3C (644c8b8f)]&amp#27;[39m Responding to client with driver.getCurrentContext() result: "NATIVE_APP"
&amp#27;[35m[HTTP]&amp#27;[39m &amp#27;[37m<-- GET /wd/hub/session/644c8b8f-f4d4-44af-83fa-05315fb4c337/context &amp#27;[39m&amp#27;[32m200&amp#27;[39m &amp#27;[90m4 ms - 22&amp#27;[39m
&amp#27;[35m[HTTP]&amp#27;[39m &amp#27;[90m&amp#27;[39m
&amp#27;[35m[HTTP]&amp#27;[39m &amp#27;[37m-->&amp#27;[39m &amp#27;[37mPOST&amp#27;[39m &amp#27;[37m/wd/hub/session/644c8b8f-f4d4-44af-83fa-05315fb4c337/elements&amp#27;[39m
&amp#27;[35m[HTTP]&amp#27;[39m &amp#27;[90m{"using":"id","value":"com.androidsample.generalstore:id/productName"}&amp#27;[39m
[debug] &amp#27;[35m[W3C (644c8b8f)]&amp#27;[39m Calling AppiumDriver.findElements() with args: ["id","com.androidsample.generalstore:id/productName","644c8b8f-f4d4-44af-83fa-05315fb4c337"]
[debug] &amp#27;[35m[BaseDriver]&amp#27;[39m Valid locator strategies for this request: xpath, id, class name, accessibility id, css selector, -android uiautomator
[debug] &amp#27;[35m[BaseDriver]&amp#27;[39m Waiting up to 20000 ms for condition
[debug] &amp#27;[35m[WD Proxy]&amp#27;[39m Matched '/elements' to command name 'findElements'
[debug] &amp#27;[35m[WD Proxy]&amp#27;[39m Proxying [POST /elements] to [POST http://127.0.0.1:8200/wd/hub/session/b99f2d84-67e3-4a57-a0c0-a9520c0547d2/elements] with body: {"strategy":"id","selector":"com.androidsample.generalstore:id/productName","context":"","multiple":true}
[debug] &amp#27;[35m[WD Proxy]&amp#27;[39m Got response with status 200: {"sessionId":"b99f2d84-67e3-4a57-a0c0-a9520c0547d2","value":[{"ELEMENT":"bab524b7-acde-4668-af65-8ba4ac72b452","element-6066-11e4-a52e-4f735466cecf":"bab524b7-acde-4668-af65-8ba4ac72b452"},{"ELEMENT":"ce3c298f-c10d-4245-b822-900df8e018eb","element-6066-11e4-a52e-4f735466cecf":"ce3c298f-c10d-4245-b822-900df8e018eb"},{"ELEMENT":"eb6ae6ac-b11c-4d41-b716-b42d066c8437","element-6066-11e4-a52e-4f735466cecf":"eb6ae6ac-b11c-4d41-b716-b42d066c8437"}]}
[debug] &amp#27;[35m[W3C (644c8b8f)]&amp#27;[39m Responding to client with driver.findElements() result: [{"element-6066-11e4-a52e-4f735466cecf":"bab524b7-acde-4668-af65-8ba4ac72b452","ELEMENT":"bab524b7-acde-4668-af65-8ba4ac72b452"},{"element-6066-11e4-a52e-4f735466cecf":"ce3c298f-c10d-4245-b822-900df8e018eb","ELEMENT":"ce3c298f-c10d-4245-b822-900df8e018eb"},{"element-6066-11e4-a52e-4f735466cecf":"eb6ae6ac-b11c-4d41-b716-b42d066c8437","ELEMENT":"eb6ae6ac-b11c-4d41-b716-b42d066c8437"}]
&amp#27;[35m[HTTP]&amp#27;[39m &amp#27;[37m<-- POST /wd/hub/session/644c8b8f-f4d4-44af-83fa-05315fb4c337/elements &amp#27;[39m&amp#27;[32m200&amp#27;[39m &amp#27;[90m82 ms - 395&amp#27;[39m
&amp#27;[35m[HTTP]&amp#27;[39m &amp#27;[90m&amp#27;[39m
&amp#27;[35m[HTTP]&amp#27;[39m &amp#27;[37m-->&amp#27;[39m &amp#27;[37mGET&amp#27;[39m &amp#27;[37m/wd/hub/session/644c8b8f-f4d4-44af-83fa-05315fb4c337/element/bab524b7-acde-4668-af65-8ba4ac72b452/text&amp#27;[39m
&amp#27;[35m[HTTP]&amp#27;[39m &amp#27;[90m{}&amp#27;[39m
&amp#27;[35m[W3C (644c8b8f)]&amp#27;[39m Driver proxy active, passing request on via HTTP proxy
[debug] &amp#27;[35m[WD Proxy]&amp#27;[39m Matched '/wd/hub/session/644c8b8f-f4d4-44af-83fa-05315fb4c337/element/bab524b7-acde-4668-af65-8ba4ac72b452/text' to command name 'getText'
[debug] &amp#27;[35m[WD Proxy]&amp#27;[39m Proxying [GET /wd/hub/session/644c8b8f-f4d4-44af-83fa-05315fb4c337/element/bab524b7-acde-4668-af65-8ba4ac72b452/text] to [GET http://127.0.0.1:8200/wd/hub/session/b99f2d84-67e3-4a57-a0c0-a9520c0547d2/element/bab524b7-acde-4668-af65-8ba4ac72b452/text] with no body
[debug] &amp#27;[35m[WD Proxy]&amp#27;[39m Got response with status 200: {"sessionId":"b99f2d84-67e3-4a57-a0c0-a9520c0547d2","value":"Air Jordan 9 Retro"}
&amp#27;[35m[WD Proxy]&amp#27;[39m Replacing sessionId b99f2d84-67e3-4a57-a0c0-a9520c0547d2 with 644c8b8f-f4d4-44af-83fa-05315fb4c337
&amp#27;[35m[HTTP]&amp#27;[39m &amp#27;[37m<-- GET /wd/hub/session/644c8b8f-f4d4-44af-83fa-05315fb4c337/element/bab524b7-acde-4668-af65-8ba4ac72b452/text &amp#27;[39m&amp#27;[32m200&amp#27;[39m &amp#27;[90m34 ms - 81&amp#27;[39m
&amp#27;[35m[HTTP]&amp#27;[39m &amp#27;[90m&amp#27;[39m
&amp#27;[35m[HTTP]&amp#27;[39m &amp#27;[37m-->&amp#27;[39m &amp#27;[37mGET&amp#27;[39m &amp#27;[37m/wd/hub/session/644c8b8f-f4d4-44af-83fa-05315fb4c337/context&amp#27;[39m
&amp#27;[35m[HTTP]&amp#27;[39m &amp#27;[90m{}&amp#27;[39m
[debug] &amp#27;[35m[W3C (644c8b8f)]&amp#27;[39m Calling AppiumDriver.getCurrentContext() with args: ["644c8b8f-f4d4-44af-83fa-05315fb4c337"]
[debug] &amp#27;[35m[W3C (644c8b8f)]&amp#27;[39m Responding to client with driver.getCurrentContext() result: "NATIVE_APP"
&amp#27;[35m[HTTP]&amp#27;[39m &amp#27;[37m<-- GET /wd/hub/session/644c8b8f-f4d4-44af-83fa-05315fb4c337/context &amp#27;[39m&amp#27;[32m200&amp#27;[39m &amp#27;[90m3 ms - 22&amp#27;[39m
&amp#27;[35m[HTTP]&amp#27;[39m &amp#27;[90m&amp#27;[39m
&amp#27;[35m[HTTP]&amp#27;[39m &amp#27;[37m-->&amp#27;[39m &amp#27;[37mPOST&amp#27;[39m &amp#27;[37m/wd/hub/session/644c8b8f-f4d4-44af-83fa-05315fb4c337/elements&amp#27;[39m
&amp#27;[35m[HTTP]&amp#27;[39m &amp#27;[90m{"using":"id","value":"com.androidsample.generalstore:id/productName"}&amp#27;[39m
[debug] &amp#27;[35m[W3C (644c8b8f)]&amp#27;[39m Calling AppiumDriver.findElements() with args: ["id","com.androidsample.generalstore:id/productName","644c8b8f-f4d4-44af-83fa-05315fb4c337"]
[debug] &amp#27;[35m[BaseDriver]&amp#27;[39m Valid locator strategies for this request: xpath, id, class name, accessibility id, css selector, -android uiautomator
[debug] &amp#27;[35m[BaseDriver]&amp#27;[39m Waiting up to 20000 ms for condition
[debug] &amp#27;[35m[WD Proxy]&amp#27;[39m Matched '/elements' to command name 'findElements'
[debug] &amp#27;[35m[WD Proxy]&amp#27;[39m Proxying [POST /elements] to [POST http://127.0.0.1:8200/wd/hub/session/b99f2d84-67e3-4a57-a0c0-a9520c0547d2/elements] with body: {"strategy":"id","selector":"com.androidsample.generalstore:id/productName","context":"","multiple":true}
[debug] &amp#27;[35m[WD Proxy]&amp#27;[39m Got response with status 200: {"sessionId":"b99f2d84-67e3-4a57-a0c0-a9520c0547d2","value":[{"ELEMENT":"4f642561-bdc3-4f9c-a6b1-90969a3d6bf6","element-6066-11e4-a52e-4f735466cecf":"4f642561-bdc3-4f9c-a6b1-90969a3d6bf6"},{"ELEMENT":"c39ff54e-ffec-441a-aceb-92b6536c16b4","element-6066-11e4-a52e-4f735466cecf":"c39ff54e-ffec-441a-aceb-92b6536c16b4"},{"ELEMENT":"5f23404e-7b16-4716-8555-3c287d0bb82c","element-6066-11e4-a52e-4f735466cecf":"5f23404e-7b16-4716-8555-3c287d0bb82c"}]}
[debug] &amp#27;[35m[W3C (644c8b8f)]&amp#27;[39m Responding to client with driver.findElements() result: [{"element-6066-11e4-a52e-4f735466cecf":"4f642561-bdc3-4f9c-a6b1-90969a3d6bf6","ELEMENT":"4f642561-bdc3-4f9c-a6b1-90969a3d6bf6"},{"element-6066-11e4-a52e-4f735466cecf":"c39ff54e-ffec-441a-aceb-92b6536c16b4","ELEMENT":"c39ff54e-ffec-441a-aceb-92b6536c16b4"},{"element-6066-11e4-a52e-4f735466cecf":"5f23404e-7b16-4716-8555-3c287d0bb82c","ELEMENT":"5f23404e-7b16-4716-8555-3c287d0bb82c"}]
&amp#27;[35m[HTTP]&amp#27;[39m &amp#27;[37m<-- POST /wd/hub/session/644c8b8f-f4d4-44af-83fa-05315fb4c337/elements &amp#27;[39m&amp#27;[32m200&amp#27;[39m &amp#27;[90m84 ms - 395&amp#27;[39m
&amp#27;[35m[HTTP]&amp#27;[39m &amp#27;[90m&amp#27;[39m
&amp#27;[35m[HTTP]&amp#27;[39m &amp#27;[37m-->&amp#27;[39m &amp#27;[37mGET&amp#27;[39m &amp#27;[37m/wd/hub/session/644c8b8f-f4d4-44af-83fa-05315fb4c337/context&amp#27;[39m
&amp#27;[35m[HTTP]&amp#27;[39m &amp#27;[90m{}&amp#27;[39m
[debug] &amp#27;[35m[W3C (644c8b8f)]&amp#27;[39m Calling AppiumDriver.getCurrentContext() with args: ["644c8b8f-f4d4-44af-83fa-05315fb4c337"]
[debug] &amp#27;[35m[W3C (644c8b8f)]&amp#27;[39m Responding to client with driver.getCurrentContext() result: "NATIVE_APP"
&amp#27;[35m[HTTP]&amp#27;[39m &amp#27;[37m<-- GET /wd/hub/session/644c8b8f-f4d4-44af-83fa-05315fb4c337/context &amp#27;[39m&amp#27;[32m200&amp#27;[39m &amp#27;[90m2 ms - 22&amp#27;[39m
&amp#27;[35m[HTTP]&amp#27;[39m &amp#27;[90m&amp#27;[39m
&amp#27;[35m[HTTP]&amp#27;[39m &amp#27;[37m-->&amp#27;[39m &amp#27;[37mPOST&amp#27;[39m &amp#27;[37m/wd/hub/session/644c8b8f-f4d4-44af-83fa-05315fb4c337/elements&amp#27;[39m
&amp#27;[35m[HTTP]&amp#27;[39m &amp#27;[90m{"using":"id","value":"com.androidsample.generalstore:id/productName"}&amp#27;[39m
[debug] &amp#27;[35m[W3C (644c8b8f)]&amp#27;[39m Calling AppiumDriver.findElements() with args: ["id","com.androidsample.generalstore:id/productName","644c8b8f-f4d4-44af-83fa-05315fb4c337"]
[debug] &amp#27;[35m[BaseDriver]&amp#27;[39m Valid locator strategies for this request: xpath, id, class name, accessibility id, css selector, -android uiautomator
[debug] &amp#27;[35m[BaseDriver]&amp#27;[39m Waiting up to 20000 ms for condition
[debug] &amp#27;[35m[WD Proxy]&amp#27;[39m Matched '/elements' to command name 'findElements'
[debug] &amp#27;[35m[WD Proxy]&amp#27;[39m Proxying [POST /elements] to [POST http://127.0.0.1:8200/wd/hub/session/b99f2d84-67e3-4a57-a0c0-a9520c0547d2/elements] with body: {"strategy":"id","selector":"com.androidsample.generalstore:id/productName","context":"","multiple":true}
[debug] &amp#27;[35m[WD Proxy]&amp#27;[39m Got response with status 200: {"sessionId":"b99f2d84-67e3-4a57-a0c0-a9520c0547d2","value":[{"ELEMENT":"c314c485-6cd7-450c-891a-d641343019a4","element-6066-11e4-a52e-4f735466cecf":"c314c485-6cd7-450c-891a-d641343019a4"},{"ELEMENT":"fbe34b27-16e6-4bd8-bee8-ba1bc8a7fc93","element-6066-11e4-a52e-4f735466cecf":"fbe34b27-16e6-4bd8-bee8-ba1bc8a7fc93"},{"ELEMENT":"c78b9046-f13b-4396-834b-a0f55c4cf0da","element-6066-11e4-a52e-4f735466cecf":"c78b9046-f13b-4396-834b-a0f55c4cf0da"}]}
[debug] &amp#27;[35m[W3C (644c8b8f)]&amp#27;[39m Responding to client with driver.findElements() result: [{"element-6066-11e4-a52e-4f735466cecf":"c314c485-6cd7-450c-891a-d641343019a4","ELEMENT":"c314c485-6cd7-450c-891a-d641343019a4"},{"element-6066-11e4-a52e-4f735466cecf":"fbe34b27-16e6-4bd8-bee8-ba1bc8a7fc93","ELEMENT":"fbe34b27-16e6-4bd8-bee8-ba1bc8a7fc93"},{"element-6066-11e4-a52e-4f735466cecf":"c78b9046-f13b-4396-834b-a0f55c4cf0da","ELEMENT":"c78b9046-f13b-4396-834b-a0f55c4cf0da"}]
&amp#27;[35m[HTTP]&amp#27;[39m &amp#27;[37m<-- POST /wd/hub/session/644c8b8f-f4d4-44af-83fa-05315fb4c337/elements &amp#27;[39m&amp#27;[32m200&amp#27;[39m &amp#27;[90m121 ms - 395&amp#27;[39m
&amp#27;[35m[HTTP]&amp#27;[39m &amp#27;[90m&amp#27;[39m
&amp#27;[35m[HTTP]&amp#27;[39m &amp#27;[37m-->&amp#27;[39m &amp#27;[37mGET&amp#27;[39m &amp#27;[37m/wd/hub/session/644c8b8f-f4d4-44af-83fa-05315fb4c337/element/fbe34b27-16e6-4bd8-bee8-ba1bc8a7fc93/text&amp#27;[39m
&amp#27;[35m[HTTP]&amp#27;[39m &amp#27;[90m{}&amp#27;[39m
&amp#27;[35m[W3C (644c8b8f)]&amp#27;[39m Driver proxy active, passing request on via HTTP proxy
[debug] &amp#27;[35m[WD Proxy]&amp#27;[39m Matched '/wd/hub/session/644c8b8f-f4d4-44af-83fa-05315fb4c337/element/fbe34b27-16e6-4bd8-bee8-ba1bc8a7fc93/text' to command name 'getText'
[debug] &amp#27;[35m[WD Proxy]&amp#27;[39m Proxying [GET /wd/hub/session/644c8b8f-f4d4-44af-83fa-05315fb4c337/element/fbe34b27-16e6-4bd8-bee8-ba1bc8a7fc93/text] to [GET http://127.0.0.1:8200/wd/hub/session/b99f2d84-67e3-4a57-a0c0-a9520c0547d2/element/fbe34b27-16e6-4bd8-bee8-ba1bc8a7fc93/text] with no body
[debug] &amp#27;[35m[WD Proxy]&amp#27;[39m Got response with status 200: {"sessionId":"b99f2d84-67e3-4a57-a0c0-a9520c0547d2","value":"Jordan 6 Rings"}
&amp#27;[35m[WD Proxy]&amp#27;[39m Replacing sessionId b99f2d84-67e3-4a57-a0c0-a9520c0547d2 with 644c8b8f-f4d4-44af-83fa-05315fb4c337
&amp#27;[35m[HTTP]&amp#27;[39m &amp#27;[37m<-- GET /wd/hub/session/644c8b8f-f4d4-44af-83fa-05315fb4c337/element/fbe34b27-16e6-4bd8-bee8-ba1bc8a7fc93/text &amp#27;[39m&amp#27;[32m200&amp#27;[39m &amp#27;[90m44 ms - 77&amp#27;[39m
&amp#27;[35m[HTTP]&amp#27;[39m &amp#27;[90m&amp#27;[39m
&amp#27;[35m[HTTP]&amp#27;[39m &amp#27;[37m-->&amp#27;[39m &amp#27;[37mGET&amp#27;[39m &amp#27;[37m/wd/hub/session/644c8b8f-f4d4-44af-83fa-05315fb4c337/context&amp#27;[39m
&amp#27;[35m[HTTP]&amp#27;[39m &amp#27;[90m{}&amp#27;[39m
[debug] &amp#27;[35m[W3C (644c8b8f)]&amp#27;[39m Calling AppiumDriver.getCurrentContext() with args: ["644c8b8f-f4d4-44af-83fa-05315fb4c337"]
[debug] &amp#27;[35m[W3C (644c8b8f)]&amp#27;[39m Responding to client with driver.getCurrentContext() result: "NATIVE_APP"
&amp#27;[35m[HTTP]&amp#27;[39m &amp#27;[37m<-- GET /wd/hub/session/644c8b8f-f4d4-44af-83fa-05315fb4c337/context &amp#27;[39m&amp#27;[32m200&amp#27;[39m &amp#27;[90m3 ms - 22&amp#27;[39m
&amp#27;[35m[HTTP]&amp#27;[39m &amp#27;[90m&amp#27;[39m
&amp#27;[35m[HTTP]&amp#27;[39m &amp#27;[37m-->&amp#27;[39m &amp#27;[37mPOST&amp#27;[39m &amp#27;[37m/wd/hub/session/644c8b8f-f4d4-44af-83fa-05315fb4c337/elements&amp#27;[39m
&amp#27;[35m[HTTP]&amp#27;[39m &amp#27;[90m{"using":"id","value":"com.androidsample.generalstore:id/productName"}&amp#27;[39m
[debug] &amp#27;[35m[W3C (644c8b8f)]&amp#27;[39m Calling AppiumDriver.findElements() with args: ["id","com.androidsample.generalstore:id/productName","644c8b8f-f4d4-44af-83fa-05315fb4c337"]
[debug] &amp#27;[35m[BaseDriver]&amp#27;[39m Valid locator strategies for this request: xpath, id, class name, accessibility id, css selector, -android uiautomator
[debug] &amp#27;[35m[BaseDriver]&amp#27;[39m Waiting up to 20000 ms for condition
[debug] &amp#27;[35m[WD Proxy]&amp#27;[39m Matched '/elements' to command name 'findElements'
[debug] &amp#27;[35m[WD Proxy]&amp#27;[39m Proxying [POST /elements] to [POST http://127.0.0.1:8200/wd/hub/session/b99f2d84-67e3-4a57-a0c0-a9520c0547d2/elements] with body: {"strategy":"id","selector":"com.androidsample.generalstore:id/productName","context":"","multiple":true}
[debug] &amp#27;[35m[WD Proxy]&amp#27;[39m Got response with status 200: {"sessionId":"b99f2d84-67e3-4a57-a0c0-a9520c0547d2","value":[{"ELEMENT":"a9c85cdc-f0e2-4901-9415-7144e3d6b456","element-6066-11e4-a52e-4f735466cecf":"a9c85cdc-f0e2-4901-9415-7144e3d6b456"},{"ELEMENT":"0e276dcf-ed55-4d7d-8954-9bb42be9fa91","element-6066-11e4-a52e-4f735466cecf":"0e276dcf-ed55-4d7d-8954-9bb42be9fa91"},{"ELEMENT":"c8c50887-0572-4056-abed-e7208a14aade","element-6066-11e4-a52e-4f735466cecf":"c8c50887-0572-4056-abed-e7208a14aade"}]}
[debug] &amp#27;[35m[W3C (644c8b8f)]&amp#27;[39m Responding to client with driver.findElements() result: [{"element-6066-11e4-a52e-4f735466cecf":"a9c85cdc-f0e2-4901-9415-7144e3d6b456","ELEMENT":"a9c85cdc-f0e2-4901-9415-7144e3d6b456"},{"element-6066-11e4-a52e-4f735466cecf":"0e276dcf-ed55-4d7d-8954-9bb42be9fa91","ELEMENT":"0e276dcf-ed55-4d7d-8954-9bb42be9fa91"},{"element-6066-11e4-a52e-4f735466cecf":"c8c50887-0572-4056-abed-e7208a14aade","ELEMENT":"c8c50887-0572-4056-abed-e7208a14aade"}]
&amp#27;[35m[HTTP]&amp#27;[39m &amp#27;[37m<-- POST /wd/hub/session/644c8b8f-f4d4-44af-83fa-05315fb4c337/elements &amp#27;[39m&amp#27;[32m200&amp#27;[39m &amp#27;[90m82 ms - 395&amp#27;[39m
&amp#27;[35m[HTTP]&amp#27;[39m &amp#27;[90m&amp#27;[39m
&amp#27;[35m[HTTP]&amp#27;[39m &amp#27;[37m-->&amp#27;[39m &amp#27;[37mGET&amp#27;[39m &amp#27;[37m/wd/hub/session/644c8b8f-f4d4-44af-83fa-05315fb4c337/context&amp#27;[39m
&amp#27;[35m[HTTP]&amp#27;[39m &amp#27;[90m{}&amp#27;[39m
[debug] &amp#27;[35m[W3C (644c8b8f)]&amp#27;[39m Calling AppiumDriver.getCurrentContext() with args: ["644c8b8f-f4d4-44af-83fa-05315fb4c337"]
[debug] &amp#27;[35m[W3C (644c8b8f)]&amp#27;[39m Responding to client with driver.getCurrentContext() result: "NATIVE_APP"
&amp#27;[35m[HTTP]&amp#27;[39m &amp#27;[37m<-- GET /wd/hub/session/644c8b8f-f4d4-44af-83fa-05315fb4c337/context &amp#27;[39m&amp#27;[32m200&amp#27;[39m &amp#27;[90m2 ms - 22&amp#27;[39m
&amp#27;[35m[HTTP]&amp#27;[39m &amp#27;[90m&amp#27;[39m
[...]
&amp#27;[35m[HTTP]&amp#27;[39m &amp#27;[90m{"using":"xpath","value":"//android.widget.TextView[@text='3. Preference dependencies']"}&amp#27;[39m
[debug] &amp#27;[35m[W3C (dfcaa88a)]&amp#27;[39m Calling AppiumDriver.findElement() with args: ["xpath","//android.widget.TextView[@text='3. Preference dependencies']","dfcaa88a-a675-4806-95be-4b8521c84af2"]
[debug] &amp#27;[35m[BaseDriver]&amp#27;[39m Valid locator strategies for this request: xpath, id, class name, accessibility id, css selector, -android uiautomator
[debug] &amp#27;[35m[BaseDriver]&amp#27;[39m Waiting up to 10000 ms for condition
[debug] &amp#27;[35m[WD Proxy]&amp#27;[39m Matched '/element' to command name 'findElement'
[debug] &amp#27;[35m[WD Proxy]&amp#27;[39m Proxying [POST /element] to [POST http://127.0.0.1:8203/wd/hub/session/294a6233-e707-4fcd-b539-a67e72ffb195/element] with body: {"strategy":"xpath","selector":"//android.widget.TextView[@text='3. Preference dependencies']","context":"","multiple":false}
[debug] &amp#27;[35m[WD Proxy]&amp#27;[39m Got response with status 200: {"sessionId":"294a6233-e707-4fcd-b539-a67e72ffb195","value":{"ELEMENT":"a956d572-862c-4dcd-8a11-8234968422b8","element-6066-11e4-a52e-4f735466cecf":"a956d572-862c-4dcd-8a11-8234968422b8"}}
[debug] &amp#27;[35m[W3C (dfcaa88a)]&amp#27;[39m Responding to client with driver.findElement() result: {"element-6066-11e4-a52e-4f735466cecf":"a956d572-862c-4dcd-8a11-8234968422b8","ELEMENT":"a956d572-862c-4dcd-8a11-8234968422b8"}
&amp#27;[35m[HTTP]&amp#27;[39m &amp#27;[37m<-- POST /wd/hub/session/dfcaa88a-a675-4806-95be-4b8521c84af2/element &amp#27;[39m&amp#27;[32m200&amp#27;[39m &amp#27;[90m538 ms - 137&amp#27;[39m
&amp#27;[35m[HTTP]&amp#27;[39m &amp#27;[90m&amp#27;[39m
&amp#27;[35m[HTTP]&amp#27;[39m &amp#27;[37m-->&amp#27;[39m &amp#27;[37mPOST&amp#27;[39m &amp#27;[37m/wd/hub/session/dfcaa88a-a675-4806-95be-4b8521c84af2/element/a956d572-862c-4dcd-8a11-8234968422b8/click&amp#27;[39m
&amp#27;[35m[HTTP]&amp#27;[39m &amp#27;[90m{"id":"a956d572-862c-4dcd-8a11-8234968422b8"}&amp#27;[39m
[debug] &amp#27;[35m[W3C (dfcaa88a)]&amp#27;[39m Calling AppiumDriver.click() with args: ["a956d572-862c-4dcd-8a11-8234968422b8","dfcaa88a-a675-4806-95be-4b8521c84af2"]
[debug] &amp#27;[35m[WD Proxy]&amp#27;[39m Matched '/element/a956d572-862c-4dcd-8a11-8234968422b8/click' to command name 'click'
[debug] &amp#27;[35m[WD Proxy]&amp#27;[39m Proxying [POST /element/a956d572-862c-4dcd-8a11-8234968422b8/click] to [POST http://127.0.0.1:8203/wd/hub/session/294a6233-e707-4fcd-b539-a67e72ffb195/element/a956d572-862c-4dcd-8a11-8234968422b8/click] with body: {"element":"a956d572-862c-4dcd-8a11-8234968422b8"}
[debug] &amp#27;[35m[WD Proxy]&amp#27;[39m Got response with status 200: {"sessionId":"294a6233-e707-4fcd-b539-a67e72ffb195","value":null}
[debug] &amp#27;[35m[W3C (dfcaa88a)]&amp#27;[39m Responding to client with driver.click() result: null
&amp#27;[35m[HTTP]&amp#27;[39m &amp#27;[37m<-- POST /wd/hub/session/dfcaa88a-a675-4806-95be-4b8521c84af2/element/a956d572-862c-4dcd-8a11-8234968422b8/click &amp#27;[39m&amp#27;[32m200&amp#27;[39m &amp#27;[90m830 ms - 14&amp#27;[39m
&amp#27;[35m[HTTP]&amp#27;[39m &amp#27;[90m&amp#27;[39m
&amp#27;[35m[HTTP]&amp#27;[39m &amp#27;[37m-->&amp#27;[39m &amp#27;[37mGET&amp#27;[39m &amp#27;[37m/wd/hub/session/dfcaa88a-a675-4806-95be-4b8521c84af2/context&amp#27;[39m
&amp#27;[35m[HTTP]&amp#27;[39m &amp#27;[90m{}&amp#27;[39m
[debug] &amp#27;[35m[W3C (dfcaa88a)]&amp#27;[39m Calling AppiumDriver.getCurrentContext() with args: ["dfcaa88a-a675-4806-95be-4b8521c84af2"]
[debug] &amp#27;[35m[W3C (dfcaa88a)]&amp#27;[39m Responding to client with driver.getCurrentContext() result: "NATIVE_APP"
&amp#27;[35m[HTTP]&amp#27;[39m &amp#27;[37m<-- GET /wd/hub/session/dfcaa88a-a675-4806-95be-4b8521c84af2/context &amp#27;[39m&amp#27;[32m200&amp#27;[39m &amp#27;[90m3 ms - 22&amp#27;[39m
&amp#27;[35m[HTTP]&amp#27;[39m &amp#27;[90m&amp#27;[39m
&amp#27;[35m[HTTP]&amp#27;[39m &amp#27;[37m-->&amp#27;[39m &amp#27;[37mPOST&amp#27;[39m &amp#27;[37m/wd/hub/session/dfcaa88a-a675-4806-95be-4b8521c84af2/element&amp#27;[39m
&amp#27;[35m[HTTP]&amp#27;[39m &amp#27;[90m{"using":"id","value":"android:id/checkbox"}&amp#27;[39m
[debug] &amp#27;[35m[W3C (dfcaa88a)]&amp#27;[39m Calling AppiumDriver.findElement() with args: ["id","android:id/checkbox","dfcaa88a-a675-4806-95be-4b8521c84af2"]
[debug] &amp#27;[35m[BaseDriver]&amp#27;[39m Valid locator strategies for this request: xpath, id, class name, accessibility id, css selector, -android uiautomator
[debug] &amp#27;[35m[BaseDriver]&amp#27;[39m Waiting up to 10000 ms for condition
[debug] &amp#27;[35m[WD Proxy]&amp#27;[39m Matched '/element' to command name 'findElement'
[debug] &amp#27;[35m[WD Proxy]&amp#27;[39m Proxying [POST /element] to [POST http://127.0.0.1:8203/wd/hub/session/294a6233-e707-4fcd-b539-a67e72ffb195/element] with body: {"strategy":"id","selector":"android:id/checkbox","context":"","multiple":false}
[debug] &amp#27;[35m[WD Proxy]&amp#27;[39m Got response with status 200: {"sessionId":"294a6233-e707-4fcd-b539-a67e72ffb195","value":{"ELEMENT":"13afe538-32f3-4b0b-b9dd-d1c65fd00aae","element-6066-11e4-a52e-4f735466cecf":"13afe538-32f3-4b0b-b9dd-d1c65fd00aae"}}
[debug] &amp#27;[35m[W3C (dfcaa88a)]&amp#27;[39m Responding to client with driver.findElement() result: {"element-6066-11e4-a52e-4f735466cecf":"13afe538-32f3-4b0b-b9dd-d1c65fd00aae","ELEMENT":"13afe538-32f3-4b0b-b9dd-d1c65fd00aae"}
&amp#27;[35m[HTTP]&amp#27;[39m &amp#27;[37m<-- POST /wd/hub/session/dfcaa88a-a675-4806-95be-4b8521c84af2/element &amp#27;[39m&amp#27;[32m200&amp#27;[39m &amp#27;[90m94 ms - 137&amp#27;[39m
&amp#27;[35m[HTTP]&amp#27;[39m &amp#27;[90m&amp#27;[39m
&amp#27;[35m[HTTP]&amp#27;[39m &amp#27;[37m-->&amp#27;[39m &amp#27;[37mPOST&amp#27;[39m &amp#27;[37m/wd/hub/session/dfcaa88a-a675-4806-95be-4b8521c84af2/element/13afe538-32f3-4b0b-b9dd-d1c65fd00aae/click&amp#27;[39m
&amp#27;[35m[HTTP]&amp#27;[39m &amp#27;[90m{"id":"13afe538-32f3-4b0b-b9dd-d1c65fd00aae"}&amp#27;[39m
[debug] &amp#27;[35m[W3C (dfcaa88a)]&amp#27;[39m Calling AppiumDriver.click() with args: ["13afe538-32f3-4b0b-b9dd-d1c65fd00aae","dfcaa88a-a675-4806-95be-4b8521c84af2"]
[debug] &amp#27;[35m[WD Proxy]&amp#27;[39m Matched '/element/13afe538-32f3-4b0b-b9dd-d1c65fd00aae/click' to command name 'click'
[debug] &amp#27;[35m[WD Proxy]&amp#27;[39m Proxying [POST /element/13afe538-32f3-4b0b-b9dd-d1c65fd00aae/click] to [POST http://127.0.0.1:8203/wd/hub/session/294a6233-e707-4fcd-b539-a67e72ffb195/element/13afe538-32f3-4b0b-b9dd-d1c65fd00aae/click] with body: {"element":"13afe538-32f3-4b0b-b9dd-d1c65fd00aae"}
[debug] &amp#27;[35m[WD Proxy]&amp#27;[39m Got response with status 200: {"sessionId":"294a6233-e707-4fcd-b539-a67e72ffb195","value":null}
[debug] &amp#27;[35m[W3C (dfcaa88a)]&amp#27;[39m Responding to client with driver.click() result: null
&amp#27;[35m[HTTP]&amp#27;[39m &amp#27;[37m<-- POST /wd/hub/session/dfcaa88a-a675-4806-95be-4b8521c84af2/element/13afe538-32f3-4b0b-b9dd-d1c65fd00aae/click &amp#27;[39m&amp#27;[32m200&amp#27;[39m &amp#27;[90m703 ms - 14&amp#27;[39m
&amp#27;[35m[HTTP]&amp#27;[39m &amp#27;[90m&amp#27;[39m
&amp#27;[35m[HTTP]&amp#27;[39m &amp#27;[37m-->&amp#27;[39m &amp#27;[37mGET&amp#27;[39m &amp#27;[37m/wd/hub/session/dfcaa88a-a675-4806-95be-4b8521c84af2/context&amp#27;[39m
&amp#27;[35m[HTTP]&amp#27;[39m &amp#27;[90m{}&amp#27;[39m
[debug] &amp#27;[35m[W3C (dfcaa88a)]&amp#27;[39m Calling AppiumDriver.getCurrentContext() with args: ["dfcaa88a-a675-4806-95be-4b8521c84af2"]
[debug] &amp#27;[35m[W3C (dfcaa88a)]&amp#27;[39m Responding to client with driver.getCurrentContext() result: "NATIVE_APP"
&amp#27;[35m[HTTP]&amp#27;[39m &amp#27;[37m<-- GET /wd/hub/session/dfcaa88a-a675-4806-95be-4b8521c84af2/context &amp#27;[39m&amp#27;[32m200&amp#27;[39m &amp#27;[90m3 ms - 22&amp#27;[39m
&amp#27;[35m[HTTP]&amp#27;[39m &amp#27;[90m&amp#27;[39m
&amp#27;[35m[HTTP]&amp#27;[39m &amp#27;[37m-->&amp#27;[39m &amp#27;[37mPOST&amp#27;[39m &amp#27;[37m/wd/hub/session/dfcaa88a-a675-4806-95be-4b8521c84af2/element&amp#27;[39m
&amp#27;[35m[HTTP]&amp#27;[39m &amp#27;[90m{"using":"xpath","value":"(//android.widget.RelativeLayout)[2]"}&amp#27;[39m
[debug] &amp#27;[35m[W3C (dfcaa88a)]&amp#27;[39m Calling AppiumDriver.findElement() with args: ["xpath","(//android.widget.RelativeLayout)[2]","dfcaa88a-a675-4806-95be-4b8521c84af2"]
[debug] &amp#27;[35m[BaseDriver]&amp#27;[39m Valid locator strategies for this request: xpath, id, class name, accessibility id, css selector, -android uiautomator
[debug] &amp#27;[35m[BaseDriver]&amp#27;[39m Waiting up to 10000 ms for condition
[debug] &amp#27;[35m[WD Proxy]&amp#27;[39m Matched '/element' to command name 'findElement'
[debug] &amp#27;[35m[WD Proxy]&amp#27;[39m Proxying [POST /element] to [POST http://127.0.0.1:8203/wd/hub/session/294a6233-e707-4fcd-b539-a67e72ffb195/element] with body: {"strategy":"xpath","selector":"(//android.widget.RelativeLayout)[2]","context":"","multiple":false}
[debug] &amp#27;[35m[WD Proxy]&amp#27;[39m Got response with status 200: {"sessionId":"294a6233-e707-4fcd-b539-a67e72ffb195","value":{"ELEMENT":"2cab32b2-f1cf-4942-8f7d-16654f5b93e5","element-6066-11e4-a52e-4f735466cecf":"2cab32b2-f1cf-4942-8f7d-16654f5b93e5"}}
[debug] &amp#27;[35m[W3C (dfcaa88a)]&amp#27;[39m Responding to client with driver.findElement() result: {"element-6066-11e4-a52e-4f735466cecf":"2cab32b2-f1cf-4942-8f7d-16654f5b93e5","ELEMENT":"2cab32b2-f1cf-4942-8f7d-16654f5b93e5"}
&amp#27;[35m[HTTP]&amp#27;[39m &amp#27;[37m<-- POST /wd/hub/session/dfcaa88a-a675-4806-95be-4b8521c84af2/element &amp#27;[39m&amp#27;[32m200&amp#27;[39m &amp#27;[90m128 ms - 137&amp#27;[39m
&amp#27;[35m[HTTP]&amp#27;[39m &amp#27;[90m&amp#27;[39m
&amp#27;[35m[HTTP]&amp#27;[39m &amp#27;[37m-->&amp#27;[39m &amp#27;[37mPOST&amp#27;[39m &amp#27;[37m/wd/hub/session/dfcaa88a-a675-4806-95be-4b8521c84af2/element/2cab32b2-f1cf-4942-8f7d-16654f5b93e5/click&amp#27;[39m
&amp#27;[35m[HTTP]&amp#27;[39m &amp#27;[90m{"id":"2cab32b2-f1cf-4942-8f7d-16654f5b93e5"}&amp#27;[39m
[debug] &amp#27;[35m[W3C (dfcaa88a)]&amp#27;[39m Calling AppiumDriver.click() with args: ["2cab32b2-f1cf-4942-8f7d-16654f5b93e5","dfcaa88a-a675-4806-95be-4b8521c84af2"]
[debug] &amp#27;[35m[WD Proxy]&amp#27;[39m Matched '/element/2cab32b2-f1cf-4942-8f7d-16654f5b93e5/click' to command name 'click'
[debug] &amp#27;[35m[WD Proxy]&amp#27;[39m Proxying [POST /element/2cab32b2-f1cf-4942-8f7d-16654f5b93e5/click] to [POST http://127.0.0.1:8203/wd/hub/session/294a6233-e707-4fcd-b539-a67e72ffb195/element/2cab32b2-f1cf-4942-8f7d-16654f5b93e5/click] with body: {"element":"2cab32b2-f1cf-4942-8f7d-16654f5b93e5"}
[debug] &amp#27;[35m[WD Proxy]&amp#27;[39m Got response with status 200: {"sessionId":"294a6233-e707-4fcd-b539-a67e72ffb195","value":null}
[debug] &amp#27;[35m[W3C (dfcaa88a)]&amp#27;[39m Responding to client with driver.click() result: null
&amp#27;[35m[HTTP]&amp#27;[39m &amp#27;[37m<-- POST /wd/hub/session/dfcaa88a-a675-4806-95be-4b8521c84af2/element/2cab32b2-f1cf-4942-8f7d-16654f5b93e5/click &amp#27;[39m&amp#27;[32m200&amp#27;[39m &amp#27;[90m1898 ms - 14&amp#27;[39m
&amp#27;[35m[HTTP]&amp#27;[39m &amp#27;[90m&amp#27;[39m
&amp#27;[35m[HTTP]&amp#27;[39m &amp#27;[37m-->&amp#27;[39m &amp#27;[37mGET&amp#27;[39m &amp#27;[37m/wd/hub/session/dfcaa88a-a675-4806-95be-4b8521c84af2/context&amp#27;[39m
&amp#27;[35m[HTTP]&amp#27;[39m &amp#27;[90m{}&amp#27;[39m
[debug] &amp#27;[35m[W3C (dfcaa88a)]&amp#27;[39m Calling AppiumDriver.getCurrentContext() with args: ["dfcaa88a-a675-4806-95be-4b8521c84af2"]
[debug] &amp#27;[35m[W3C (dfcaa88a)]&amp#27;[39m Responding to client with driver.getCurrentContext() result: "NATIVE_APP"
&amp#27;[35m[HTTP]&amp#27;[39m &amp#27;[37m<-- GET /wd/hub/session/dfcaa88a-a675-4806-95be-4b8521c84af2/context &amp#27;[39m&amp#27;[32m200&amp#27;[39m &amp#27;[90m3 ms - 22&amp#27;[39m
&amp#27;[35m[HTTP]&amp#27;[39m &amp#27;[90m&amp#27;[39m
&amp#27;[35m[HTTP]&amp#27;[39m &amp#27;[37m-->&amp#27;[39m &amp#27;[37mPOST&amp#27;[39m &amp#27;[37m/wd/hub/session/dfcaa88a-a675-4806-95be-4b8521c84af2/element&amp#27;[39m
&amp#27;[35m[HTTP]&amp#27;[39m &amp#27;[90m{"using":"class name","value":"android.widget.EditText"}&amp#27;[39m
[debug] &amp#27;[35m[W3C (dfcaa88a)]&amp#27;[39m Calling AppiumDriver.findElement() with args: ["class name","android.widget.EditText","dfcaa88a-a675-4806-95be-4b8521c84af2"]
[debug] &amp#27;[35m[BaseDriver]&amp#27;[39m Valid locator strategies for this request: xpath, id, class name, accessibility id, css selector, -android uiautomator
[debug] &amp#27;[35m[BaseDriver]&amp#27;[39m Waiting up to 10000 ms for condition
[debug] &amp#27;[35m[WD Proxy]&amp#27;[39m Matched '/element' to command name 'findElement'
[debug] &amp#27;[35m[WD Proxy]&amp#27;[39m Proxying [POST /element] to [POST http://127.0.0.1:8203/wd/hub/session/294a6233-e707-4fcd-b539-a67e72ffb195/element] with body: {"strategy":"class name","selector":"android.widget.EditText","context":"","multiple":false}
[debug] &amp#27;[35m[WD Proxy]&amp#27;[39m Got response with status 200: {"sessionId":"294a6233-e707-4fcd-b539-a67e72ffb195","value":{"ELEMENT":"13a39e85-8007-41bc-a21b-0e99f26d8cce","element-6066-11e4-a52e-4f735466cecf":"13a39e85-8007-41bc-a21b-0e99f26d8cce"}}
[debug] &amp#27;[35m[W3C (dfcaa88a)]&amp#27;[39m Responding to client with driver.findElement() result: {"element-6066-11e4-a52e-4f735466cecf":"13a39e85-8007-41bc-a21b-0e99f26d8cce","ELEMENT":"13a39e85-8007-41bc-a21b-0e99f26d8cce"}
&amp#27;[35m[HTTP]&amp#27;[39m &amp#27;[37m<-- POST /wd/hub/session/dfcaa88a-a675-4806-95be-4b8521c84af2/element &amp#27;[39m&amp#27;[32m200&amp#27;[39m &amp#27;[90m522 ms - 137&amp#27;[39m
&amp#27;[35m[HTTP]&amp#27;[39m &amp#27;[90m&amp#27;[39m
&amp#27;[35m[HTTP]&amp#27;[39m &amp#27;[37m-->&amp#27;[39m &amp#27;[37mPOST&amp#27;[39m &amp#27;[37m/wd/hub/session/dfcaa88a-a675-4806-95be-4b8521c84af2/element/13a39e85-8007-41bc-a21b-0e99f26d8cce/value&amp#27;[39m
&amp#27;[35m[HTTP]&amp#27;[39m &amp#27;[90m{"id":"13a39e85-8007-41bc-a21b-0e99f26d8cce","text":"@#@SD","value":["@","#","@","S","D"]}&amp#27;[39m
[debug] &amp#27;[35m[W3C (dfcaa88a)]&amp#27;[39m Calling AppiumDriver.setValue() with args: [["@","#","@","S","D"],"13a39e85-8007-41bc-a21b-0e99f26d8cce","dfcaa88a-a675-4806-95be-4b8521c84af2"]
[debug] &amp#27;[35m[WD Proxy]&amp#27;[39m Matched '/element/13a39e85-8007-41bc-a21b-0e99f26d8cce/value' to command name 'setValue'
[debug] &amp#27;[35m[Protocol Converter]&amp#27;[39m Added 'value' property ["@","#","@","S","D"] to 'setValue' request body
[debug] &amp#27;[35m[WD Proxy]&amp#27;[39m Proxying [POST /element/13a39e85-8007-41bc-a21b-0e99f26d8cce/value] to [POST http://127.0.0.1:8203/wd/hub/session/294a6233-e707-4fcd-b539-a67e72ffb195/element/13a39e85-8007-41bc-a21b-0e99f26d8cce/value] with body: {"elementId":"13a39e85-8007-41bc-a21b-0e99f26d8cce","text":"@#@SD","replace":false,"value":["@","#","@","S","D"]}
[debug] &amp#27;[35m[WD Proxy]&amp#27;[39m Got response with status 200: {"sessionId":"294a6233-e707-4fcd-b539-a67e72ffb195","value":null}
[debug] &amp#27;[35m[W3C (dfcaa88a)]&amp#27;[39m Responding to client with driver.setValue() result: null
&amp#27;[35m[HTTP]&amp#27;[39m &amp#27;[37m<-- POST /wd/hub/session/dfcaa88a-a675-4806-95be-4b8521c84af2/element/13a39e85-8007-41bc-a21b-0e99f26d8cce/value &amp#27;[39m&amp#27;[32m200&amp#27;[39m &amp#27;[90m87 ms - 14&amp#27;[39m
&amp#27;[35m[HTTP]&amp#27;[39m &amp#27;[90m&amp#27;[39m
&amp#27;[35m[HTTP]&amp#27;[39m &amp#27;[37m-->&amp#27;[39m &amp#27;[37mGET&amp#27;[39m &amp#27;[37m/wd/hub/session/dfcaa88a-a675-4806-95be-4b8521c84af2/context&amp#27;[39m
&amp#27;[35m[HTTP]&amp#27;[39m &amp#27;[90m{}&amp#27;[39m
[debug] &amp#27;[35m[W3C (dfcaa88a)]&amp#27;[39m Calling AppiumDriver.getCurrentContext() with args: ["dfcaa88a-a675-4806-95be-4b8521c84af2"]
[debug] &amp#27;[35m[W3C (dfcaa88a)]&amp#27;[39m Responding to client with driver.getCurrentContext() result: "NATIVE_APP"
&amp#27;[35m[HTTP]&amp#27;[39m &amp#27;[37m<-- GET /wd/hub/session/dfcaa88a-a675-4806-95be-4b8521c84af2/context &amp#27;[39m&amp#27;[32m200&amp#27;[39m &amp#27;[90m2 ms - 22&amp#27;[39m
&amp#27;[35m[HTTP]&amp#27;[39m &amp#27;[90m&amp#27;[39m
&amp#27;[35m[HTTP]&amp#27;[39m &amp#27;[37m-->&amp#27;[39m &amp#27;[37mPOST&amp#27;[39m &amp#27;[37m/wd/hub/session/dfcaa88a-a675-4806-95be-4b8521c84af2/elements&amp#27;[39m
&amp#27;[35m[HTTP]&amp#27;[39m &amp#27;[90m{"using":"class name","value":"android.widget.Button"}&amp#27;[39m
[debug] &amp#27;[35m[W3C (dfcaa88a)]&amp#27;[39m Calling AppiumDriver.findElements() with args: ["class name","android.widget.Button","dfcaa88a-a675-4806-95be-4b8521c84af2"]
[debug] &amp#27;[35m[BaseDriver]&amp#27;[39m Valid locator strategies for this request: xpath, id, class name, accessibility id, css selector, -android uiautomator
[debug] &amp#27;[35m[BaseDriver]&amp#27;[39m Waiting up to 10000 ms for condition
[debug] &amp#27;[35m[WD Proxy]&amp#27;[39m Matched '/elements' to command name 'findElements'
[debug] &amp#27;[35m[WD Proxy]&amp#27;[39m Proxying [POST /elements] to [POST http://127.0.0.1:8203/wd/hub/session/294a6233-e707-4fcd-b539-a67e72ffb195/elements] with body: {"strategy":"class name","selector":"android.widget.Button","context":"","multiple":true}
[debug] &amp#27;[35m[WD Proxy]&amp#27;[39m Got response with status 200: {"sessionId":"294a6233-e707-4fcd-b539-a67e72ffb195","value":[{"ELEMENT":"bbda676a-fd6b-4b4d-a76a-32b255aa1480","element-6066-11e4-a52e-4f735466cecf":"bbda676a-fd6b-4b4d-a76a-32b255aa1480"},{"ELEMENT":"e94f75db-cfd7-4ea9-9d80-916f329baeb3","element-6066-11e4-a52e-4f735466cecf":"e94f75db-cfd7-4ea9-9d80-916f329baeb3"}]}
[debug] &amp#27;[35m[W3C (dfcaa88a)]&amp#27;[39m Responding to client with driver.findElements() result: [{"element-6066-11e4-a52e-4f735466cecf":"bbda676a-fd6b-4b4d-a76a-32b255aa1480","ELEMENT":"bbda676a-fd6b-4b4d-a76a-32b255aa1480"},{"element-6066-11e4-a52e-4f735466cecf":"e94f75db-cfd7-4ea9-9d80-916f329baeb3","ELEMENT":"e94f75db-cfd7-4ea9-9d80-916f329baeb3"}]
&amp#27;[35m[HTTP]&amp#27;[39m &amp#27;[37m<-- POST /wd/hub/session/dfcaa88a-a675-4806-95be-4b8521c84af2/elements &amp#27;[39m&amp#27;[32m200&amp#27;[39m &amp#27;[90m1128 ms - 267&amp#27;[39m
&amp#27;[35m[HTTP]&amp#27;[39m &amp#27;[90m&amp#27;[39m
&amp#27;[35m[HTTP]&amp#27;[39m &amp#27;[37m-->&amp#27;[39m &amp#27;[37mPOST&amp#27;[39m &amp#27;[37m/wd/hub/session/dfcaa88a-a675-4806-95be-4b8521c84af2/element/e94f75db-cfd7-4ea9-9d80-916f329baeb3/click&amp#27;[39m
&amp#27;[35m[HTTP]&amp#27;[39m &amp#27;[90m{"id":"e94f75db-cfd7-4ea9-9d80-916f329baeb3"}&amp#27;[39m
[debug] &amp#27;[35m[W3C (dfcaa88a)]&amp#27;[39m Calling AppiumDriver.click() with args: ["e94f75db-cfd7-4ea9-9d80-916f329baeb3","dfcaa88a-a675-4806-95be-4b8521c84af2"]
[debug] &amp#27;[35m[WD Proxy]&amp#27;[39m Matched '/element/e94f75db-cfd7-4ea9-9d80-916f329baeb3/click' to command name 'click'
[debug] &amp#27;[35m[WD Proxy]&amp#27;[39m Proxying [POST /element/e94f75db-cfd7-4ea9-9d80-916f329baeb3/click] to [POST http://127.0.0.1:8203/wd/hub/session/294a6233-e707-4fcd-b539-a67e72ffb195/element/e94f75db-cfd7-4ea9-9d80-916f329baeb3/click] with body: {"element":"e94f75db-cfd7-4ea9-9d80-916f329baeb3"}
[debug] &amp#27;[35m[WD Proxy]&amp#27;[39m Got response with status 200: {"sessionId":"294a6233-e707-4fcd-b539-a67e72ffb195","value":null}
[debug] &amp#27;[35m[W3C (dfcaa88a)]&amp#27;[39m Responding to client with driver.click() result: null
&amp#27;[35m[HTTP]&amp#27;[39m &amp#27;[37m<-- POST /wd/hub/session/dfcaa88a-a675-4806-95be-4b8521c84af2/element/e94f75db-cfd7-4ea9-9d80-916f329baeb3/click &amp#27;[39m&amp#27;[32m200&amp#27;[39m &amp#27;[90m105 ms - 14&amp#27;[39m
]]></system-out>
    <system-err><![CDATA[Apr 28, 2021 1:49:58 PM io.appium.java_client.remote.AppiumCommandExecutor$1 lambda$0
INFO: Detected dialect: W3C
]]></system-err>
  </testcase>
</testsuite>